Total number of variables: 62
Total number of non-constant variables: 22
Hidden size conv: 50
Kernel size: 5
Hidden size full: 100
Dropout full: 0.1
Hidden size combo: 100
Dropout combo: 0.1
Learning rate: 0.1
Weight decay: 1e-05

Epoch loss after epoch 5: 168.22006225585938

Epoch loss after epoch 10: 164.2980031967163

Epoch loss after epoch 15: 159.3972682952881

Epoch loss after epoch 20: 156.94960403442383

Epoch loss after epoch 25: 155.9177417755127

Epoch loss after epoch 30: 155.62775135040283

Epoch loss after epoch 35: 152.7959156036377

Epoch loss after epoch 40: 150.4215087890625

Epoch loss after epoch 45: 148.8289384841919

Epoch loss after epoch 50: 146.53315544128418


Test R^2: 0.779586943906
