Total number of variables: 62
Total number of non-constant variables: 22
Hidden size conv: 25
Kernel size: 3
Hidden size full: 100
Dropout full: 0.1
Hidden size 2 full: 100
Dropout 2 full: 0.1
Learning rate: 0.1
Weight decay: 1e-05

Epoch loss after epoch 5: 174.56245136260986

Epoch loss after epoch 10: 163.61969470977783

Epoch loss after epoch 15: 158.09186553955078

Epoch loss after epoch 20: 155.7552032470703

Epoch loss after epoch 25: 151.709547996521

Epoch loss after epoch 30: 151.60949993133545

Epoch loss after epoch 35: 149.55035400390625

Epoch loss after epoch 40: 148.18468475341797

Epoch loss after epoch 45: 142.0662727355957

Epoch loss after epoch 50: 144.85296249389648


Test R^2: 0.790156739431
