[Parallel(n_jobs=-1)]: Done   2 out of  10 | elapsed:    0.9s remaining:    3.5s
[Parallel(n_jobs=-1)]: Done  10 out of  10 | elapsed:    1.9s finished
[Parallel(n_jobs=-1)]: Done   2 out of  10 | elapsed:    0.4s remaining:    1.7s
[Parallel(n_jobs=-1)]: Done  10 out of  10 | elapsed:    0.8s finished
[Parallel(n_jobs=-1)]: Done   2 out of  10 | elapsed:    0.4s remaining:    1.7s
[Parallel(n_jobs=-1)]: Done  10 out of  10 | elapsed:    0.9s finished
[Parallel(n_jobs=-1)]: Done   2 out of  10 | elapsed:    0.4s remaining:    1.5s
[Parallel(n_jobs=-1)]: Done  10 out of  10 | elapsed:    0.8s finished
[Parallel(n_jobs=-1)]: Done   2 out of  10 | elapsed:    0.5s remaining:    1.8s
[Parallel(n_jobs=-1)]: Done  10 out of  10 | elapsed:    0.8s finished
[Parallel(n_jobs=-1)]: Done   2 out of  10 | elapsed:    1.9s remaining:    7.5s
[Parallel(n_jobs=-1)]: Done  10 out of  10 | elapsed:    2.3s finished
[Parallel(n_jobs=-1)]: Done   2 out of  10 | elapsed:    1.1s remaining:    4.2s
[Parallel(n_jobs=-1)]: Done  10 out of  10 | elapsed:    1.9s finished
[Parallel(n_jobs=-1)]: Done   2 out of  10 | elapsed:    1.1s remaining:    4.4s
[Parallel(n_jobs=-1)]: Done  10 out of  10 | elapsed:    2.3s finished
[Parallel(n_jobs=-1)]: Done   2 out of  10 | elapsed:    1.7s remaining:    6.9s
[Parallel(n_jobs=-1)]: Done  10 out of  10 | elapsed:    2.2s finished
[Parallel(n_jobs=-1)]: Done   2 out of  10 | elapsed:    1.2s remaining:    4.6s
[Parallel(n_jobs=-1)]: Done  10 out of  10 | elapsed:    2.0s finished
[Parallel(n_jobs=-1)]: Done   2 out of  10 | elapsed:    1.1s remaining:    4.6s
[Parallel(n_jobs=-1)]: Done  10 out of  10 | elapsed:    2.3s finished
[Parallel(n_jobs=-1)]: Done   2 out of  10 | elapsed:    1.1s remaining:    4.6s
[Parallel(n_jobs=-1)]: Done  10 out of  10 | elapsed:    2.1s finished
[Parallel(n_jobs=-1)]: Done   2 out of  10 | elapsed:    1.2s remaining:    5.0s
[Parallel(n_jobs=-1)]: Done  10 out of  10 | elapsed:    2.5s finished
[Parallel(n_jobs=-1)]: Done   2 out of  10 | elapsed:    1.4s remaining:    5.5s
[Parallel(n_jobs=-1)]: Done  10 out of  10 | elapsed:    2.2s finished
[Parallel(n_jobs=-1)]: Done   2 out of  10 | elapsed:    1.6s remaining:    6.2s
[Parallel(n_jobs=-1)]: Done  10 out of  10 | elapsed:    2.3s finished
[Parallel(n_jobs=-1)]: Done   2 out of  10 | elapsed:    0.8s remaining:    3.4s
[Parallel(n_jobs=-1)]: Done  10 out of  10 | elapsed:    1.2s finished
[Parallel(n_jobs=-1)]: Done   2 out of  10 | elapsed:    0.9s remaining:    3.5s
[Parallel(n_jobs=-1)]: Done  10 out of  10 | elapsed:    2.0s finished
[Parallel(n_jobs=-1)]: Done   2 out of  10 | elapsed:    0.5s remaining:    2.0s
[Parallel(n_jobs=-1)]: Done  10 out of  10 | elapsed:    1.1s finished
[Parallel(n_jobs=-1)]: Done   2 out of  10 | elapsed:    0.4s remaining:    1.7s
[Parallel(n_jobs=-1)]: Done  10 out of  10 | elapsed:    0.8s finished
[Parallel(n_jobs=-1)]: Done   2 out of  10 | elapsed:    0.4s remaining:    1.6s
[Parallel(n_jobs=-1)]: Done  10 out of  10 | elapsed:    0.8s finished
[Parallel(n_jobs=-1)]: Done   2 out of  10 | elapsed:    0.1s remaining:    0.6s
[Parallel(n_jobs=-1)]: Done  10 out of  10 | elapsed:    0.2s finished
[Parallel(n_jobs=-1)]: Done   2 out of  10 | elapsed:    1.0s remaining:    3.8s
[Parallel(n_jobs=-1)]: Done  10 out of  10 | elapsed:    2.1s finished
[Parallel(n_jobs=-1)]: Done   2 out of  10 | elapsed:    0.4s remaining:    1.5s
[Parallel(n_jobs=-1)]: Done  10 out of  10 | elapsed:    0.8s finished
[Parallel(n_jobs=-1)]: Done   2 out of  10 | elapsed:    0.2s remaining:    0.7s
[Parallel(n_jobs=-1)]: Done  10 out of  10 | elapsed:    0.4s finished
[Parallel(n_jobs=-1)]: Done   2 out of  10 | elapsed:    0.2s remaining:    0.6s
[Parallel(n_jobs=-1)]: Done  10 out of  10 | elapsed:    0.3s finished
[Parallel(n_jobs=-1)]: Done   2 out of  10 | elapsed:    0.5s remaining:    1.9s
[Parallel(n_jobs=-1)]: Done  10 out of  10 | elapsed:    0.7s finished
[Parallel(n_jobs=-1)]: Done   2 out of  10 | elapsed:    0.0s remaining:    0.0s
[Parallel(n_jobs=-1)]: Done  10 out of  10 | elapsed:    0.0s finished
[Parallel(n_jobs=-1)]: Done   2 out of  10 | elapsed:    0.5s remaining:    2.1s
[Parallel(n_jobs=-1)]: Done  10 out of  10 | elapsed:    1.1s finished
[Parallel(n_jobs=-1)]: Done   2 out of  10 | elapsed:    0.0s remaining:    0.1s
[Parallel(n_jobs=-1)]: Done  10 out of  10 | elapsed:    0.0s finished
[Parallel(n_jobs=-1)]: Done   2 out of  10 | elapsed:    0.4s remaining:    1.6s
[Parallel(n_jobs=-1)]: Done  10 out of  10 | elapsed:    0.8s finished
[Parallel(n_jobs=-1)]: Done   2 out of  10 | elapsed:    1.7s remaining:    6.9s
[Parallel(n_jobs=-1)]: Done  10 out of  10 | elapsed:    2.1s finished
[Parallel(n_jobs=-1)]: Done   2 out of  10 | elapsed:    0.6s remaining:    2.2s
[Parallel(n_jobs=-1)]: Done  10 out of  10 | elapsed:    1.1s finished
[Parallel(n_jobs=-1)]: Done   2 out of  10 | elapsed:    0.7s remaining:    2.8s
[Parallel(n_jobs=-1)]: Done  10 out of  10 | elapsed:    1.3s finished
[Parallel(n_jobs=-1)]: Done   2 out of  10 | elapsed:    1.8s remaining:    7.2s
[Parallel(n_jobs=-1)]: Done  10 out of  10 | elapsed:    2.6s finished
[Parallel(n_jobs=10)]: Done   2 out of  10 | elapsed:    0.0s remaining:    0.0s
[Parallel(n_jobs=10)]: Done  10 out of  10 | elapsed:    0.0s finished
[Parallel(n_jobs=-1)]: Done   2 out of  10 | elapsed:    1.4s remaining:    5.7s
[Parallel(n_jobs=-1)]: Done  10 out of  10 | elapsed:    2.5s finished
[Parallel(n_jobs=10)]: Done   2 out of  10 | elapsed:    0.0s remaining:    0.0s
[Parallel(n_jobs=10)]: Done  10 out of  10 | elapsed:    0.0s finished
[Parallel(n_jobs=-1)]: Done   2 out of  10 | elapsed:    1.7s remaining:    7.0s
[Parallel(n_jobs=-1)]: Done  10 out of  10 | elapsed:    2.3s finished
[Parallel(n_jobs=10)]: Done   2 out of  10 | elapsed:    0.0s remaining:    0.0s
[Parallel(n_jobs=10)]: Done  10 out of  10 | elapsed:    0.0s finished
[Parallel(n_jobs=-1)]: Done   2 out of  10 | elapsed:    1.6s remaining:    6.2s
[Parallel(n_jobs=-1)]: Done  10 out of  10 | elapsed:    2.5s finished
[Parallel(n_jobs=10)]: Done   2 out of  10 | elapsed:    0.0s remaining:    0.0s
[Parallel(n_jobs=10)]: Done  10 out of  10 | elapsed:    0.0s finished
[Parallel(n_jobs=-1)]: Done   2 out of  10 | elapsed:    1.2s remaining:    4.7s
[Parallel(n_jobs=-1)]: Done  10 out of  10 | elapsed:    2.7s finished
[Parallel(n_jobs=10)]: Done   2 out of  10 | elapsed:    0.0s remaining:    0.0s
[Parallel(n_jobs=10)]: Done  10 out of  10 | elapsed:    0.0s finished
[Parallel(n_jobs=-1)]: Done   2 out of  10 | elapsed:    1.0s remaining:    4.0s
[Parallel(n_jobs=-1)]: Done  10 out of  10 | elapsed:    2.1s finished
[Parallel(n_jobs=10)]: Done   2 out of  10 | elapsed:    0.0s remaining:    0.0s
[Parallel(n_jobs=10)]: Done  10 out of  10 | elapsed:    0.0s finished
[Parallel(n_jobs=-1)]: Done   2 out of  10 | elapsed:    1.2s remaining:    4.8s
[Parallel(n_jobs=-1)]: Done  10 out of  10 | elapsed:    2.2s finished
[Parallel(n_jobs=10)]: Done   2 out of  10 | elapsed:    0.0s remaining:    0.0s
[Parallel(n_jobs=10)]: Done  10 out of  10 | elapsed:    0.0s finished
[Parallel(n_jobs=-1)]: Done   2 out of  10 | elapsed:    0.3s remaining:    1.3s
[Parallel(n_jobs=-1)]: Done  10 out of  10 | elapsed:    0.7s finished
[Parallel(n_jobs=10)]: Done   2 out of  10 | elapsed:    0.0s remaining:    0.0s
[Parallel(n_jobs=10)]: Done  10 out of  10 | elapsed:    0.0s finished
[Parallel(n_jobs=-1)]: Done   2 out of  10 | elapsed:    0.3s remaining:    1.2s
[Parallel(n_jobs=-1)]: Done  10 out of  10 | elapsed:    0.6s finished
[Parallel(n_jobs=10)]: Done   2 out of  10 | elapsed:    0.0s remaining:    0.0s
[Parallel(n_jobs=10)]: Done  10 out of  10 | elapsed:    0.0s finished
[Parallel(n_jobs=-1)]: Done   2 out of  10 | elapsed:    0.7s remaining:    3.0s
[Parallel(n_jobs=-1)]: Done  10 out of  10 | elapsed:    1.1s finished
[Parallel(n_jobs=10)]: Done   2 out of  10 | elapsed:    0.0s remaining:    0.0s
[Parallel(n_jobs=10)]: Done  10 out of  10 | elapsed:    0.0s finished
[Parallel(n_jobs=-1)]: Done   2 out of  10 | elapsed:    0.5s remaining:    1.9s
[Parallel(n_jobs=-1)]: Done  10 out of  10 | elapsed:    0.9s finished
[Parallel(n_jobs=10)]: Done   2 out of  10 | elapsed:    0.0s remaining:    0.0s
[Parallel(n_jobs=10)]: Done  10 out of  10 | elapsed:    0.0s finished
[Parallel(n_jobs=-1)]: Done   2 out of  10 | elapsed:    0.7s remaining:    2.7s
[Parallel(n_jobs=-1)]: Done  10 out of  10 | elapsed:    1.0s finished
[Parallel(n_jobs=10)]: Done   2 out of  10 | elapsed:    0.0s remaining:    0.0s
[Parallel(n_jobs=10)]: Done  10 out of  10 | elapsed:    0.0s finished
[Parallel(n_jobs=-1)]: Done   2 out of  10 | elapsed:    0.6s remaining:    2.5s
[Parallel(n_jobs=-1)]: Done  10 out of  10 | elapsed:    0.8s finished
[Parallel(n_jobs=10)]: Done   2 out of  10 | elapsed:    0.0s remaining:    0.0s
[Parallel(n_jobs=10)]: Done  10 out of  10 | elapsed:    0.0s finished
[Parallel(n_jobs=-1)]: Done   2 out of  10 | elapsed:    0.3s remaining:    1.4s
[Parallel(n_jobs=-1)]: Done  10 out of  10 | elapsed:    0.7s finished
[Parallel(n_jobs=10)]: Done   2 out of  10 | elapsed:    0.0s remaining:    0.0s
[Parallel(n_jobs=10)]: Done  10 out of  10 | elapsed:    0.0s finished
[Parallel(n_jobs=-1)]: Done   2 out of  10 | elapsed:    0.3s remaining:    1.2s
[Parallel(n_jobs=-1)]: Done  10 out of  10 | elapsed:    0.7s finished
[Parallel(n_jobs=10)]: Done   2 out of  10 | elapsed:    0.0s remaining:    0.0s
[Parallel(n_jobs=10)]: Done  10 out of  10 | elapsed:    0.0s finished
[Parallel(n_jobs=-1)]: Done   2 out of  10 | elapsed:    0.3s remaining:    1.4s
[Parallel(n_jobs=-1)]: Done  10 out of  10 | elapsed:    0.7s finished
[Parallel(n_jobs=10)]: Done   2 out of  10 | elapsed:    0.0s remaining:    0.0s
[Parallel(n_jobs=10)]: Done  10 out of  10 | elapsed:    0.0s finished
[Parallel(n_jobs=-1)]: Done   2 out of  10 | elapsed:    0.4s remaining:    1.5s
[Parallel(n_jobs=-1)]: Done  10 out of  10 | elapsed:    0.8s finished
[Parallel(n_jobs=10)]: Done   2 out of  10 | elapsed:    0.0s remaining:    0.0s
[Parallel(n_jobs=10)]: Done  10 out of  10 | elapsed:    0.0s finished
[Parallel(n_jobs=-1)]: Done   2 out of  10 | elapsed:    0.5s remaining:    2.0s
[Parallel(n_jobs=-1)]: Done  10 out of  10 | elapsed:    0.7s finished
[Parallel(n_jobs=10)]: Done   2 out of  10 | elapsed:    0.0s remaining:    0.0s
[Parallel(n_jobs=10)]: Done  10 out of  10 | elapsed:    0.0s finished
[Parallel(n_jobs=-1)]: Done   2 out of  10 | elapsed:    0.5s remaining:    2.1s
[Parallel(n_jobs=-1)]: Done  10 out of  10 | elapsed:    0.8s finished
[Parallel(n_jobs=10)]: Done   2 out of  10 | elapsed:    0.0s remaining:    0.0s
[Parallel(n_jobs=10)]: Done  10 out of  10 | elapsed:    0.0s finished
[Parallel(n_jobs=-1)]: Done   2 out of  10 | elapsed:    0.3s remaining:    1.3s
[Parallel(n_jobs=-1)]: Done  10 out of  10 | elapsed:    0.6s finished
[Parallel(n_jobs=10)]: Done   2 out of  10 | elapsed:    0.0s remaining:    0.0s
[Parallel(n_jobs=10)]: Done  10 out of  10 | elapsed:    0.0s finished
[Parallel(n_jobs=-1)]: Done   2 out of  10 | elapsed:    0.8s remaining:    3.2s
[Parallel(n_jobs=-1)]: Done  10 out of  10 | elapsed:    1.5s finished
[Parallel(n_jobs=10)]: Done   2 out of  10 | elapsed:    0.0s remaining:    0.1s
[Parallel(n_jobs=10)]: Done  10 out of  10 | elapsed:    0.0s finished
[Parallel(n_jobs=-1)]: Done   2 out of  10 | elapsed:    0.7s remaining:    2.8s
[Parallel(n_jobs=-1)]: Done  10 out of  10 | elapsed:    1.4s finished
[Parallel(n_jobs=10)]: Done   2 out of  10 | elapsed:    0.0s remaining:    0.1s
[Parallel(n_jobs=10)]: Done  10 out of  10 | elapsed:    0.0s finished
[Parallel(n_jobs=-1)]: Done   2 out of  10 | elapsed:    0.7s remaining:    2.7s
[Parallel(n_jobs=-1)]: Done  10 out of  10 | elapsed:    1.4s finished
[Parallel(n_jobs=10)]: Done   2 out of  10 | elapsed:    0.0s remaining:    0.1s
[Parallel(n_jobs=10)]: Done  10 out of  10 | elapsed:    0.0s finished
[Parallel(n_jobs=-1)]: Done   2 out of  10 | elapsed:    0.6s remaining:    2.3s
[Parallel(n_jobs=-1)]: Done  10 out of  10 | elapsed:    1.2s finished
[Parallel(n_jobs=10)]: Done   2 out of  10 | elapsed:    0.0s remaining:    0.1s
[Parallel(n_jobs=10)]: Done  10 out of  10 | elapsed:    0.0s finished
[Parallel(n_jobs=-1)]: Done   2 out of  10 | elapsed:    0.5s remaining:    2.1s
[Parallel(n_jobs=-1)]: Done  10 out of  10 | elapsed:    1.1s finished
[Parallel(n_jobs=10)]: Done   2 out of  10 | elapsed:    0.0s remaining:    0.1s
[Parallel(n_jobs=10)]: Done  10 out of  10 | elapsed:    0.1s finished
[Parallel(n_jobs=-1)]: Done   2 out of  10 | elapsed:    0.5s remaining:    2.1s
[Parallel(n_jobs=-1)]: Done  10 out of  10 | elapsed:    1.0s finished
[Parallel(n_jobs=10)]: Done   2 out of  10 | elapsed:    0.1s remaining:    0.2s
[Parallel(n_jobs=10)]: Done  10 out of  10 | elapsed:    0.1s finished
[Parallel(n_jobs=-1)]: Done   2 out of  10 | elapsed:    1.0s remaining:    4.1s
[Parallel(n_jobs=-1)]: Done  10 out of  10 | elapsed:    2.1s finished
[Parallel(n_jobs=-1)]: Done   2 out of  10 | elapsed:    0.4s remaining:    1.4s
[Parallel(n_jobs=-1)]: Done  10 out of  10 | elapsed:    0.9s finished
[Parallel(n_jobs=-1)]: Done   2 out of  10 | elapsed:    0.5s remaining:    2.0s
[Parallel(n_jobs=-1)]: Done  10 out of  10 | elapsed:    0.9s finished
[Parallel(n_jobs=-1)]: Done   2 out of  10 | elapsed:    0.4s remaining:    1.5s
[Parallel(n_jobs=-1)]: Done  10 out of  10 | elapsed:    0.9s finished
[Parallel(n_jobs=-1)]: Done   2 out of  10 | elapsed:    0.4s remaining:    1.5s
[Parallel(n_jobs=-1)]: Done  10 out of  10 | elapsed:    0.8s finished
[Parallel(n_jobs=-1)]: Done   2 out of  10 | elapsed:    1.4s remaining:    5.6s
[Parallel(n_jobs=-1)]: Done  10 out of  10 | elapsed:    2.6s finished
[Parallel(n_jobs=-1)]: Done   2 out of  10 | elapsed:    1.7s remaining:    6.7s
[Parallel(n_jobs=-1)]: Done  10 out of  10 | elapsed:    2.0s finished
[Parallel(n_jobs=-1)]: Done   2 out of  10 | elapsed:    1.3s remaining:    5.2s
[Parallel(n_jobs=-1)]: Done  10 out of  10 | elapsed:    2.6s finished
[Parallel(n_jobs=-1)]: Done   2 out of  10 | elapsed:    1.3s remaining:    5.1s
[Parallel(n_jobs=-1)]: Done  10 out of  10 | elapsed:    2.5s finished
[Parallel(n_jobs=-1)]: Done   2 out of  10 | elapsed:    1.1s remaining:    4.5s
[Parallel(n_jobs=-1)]: Done  10 out of  10 | elapsed:    2.4s finished
[Parallel(n_jobs=-1)]: Done   2 out of  10 | elapsed:    1.2s remaining:    4.6s
[Parallel(n_jobs=-1)]: Done  10 out of  10 | elapsed:    2.4s finished
[Parallel(n_jobs=-1)]: Done   2 out of  10 | elapsed:    1.1s remaining:    4.4s
[Parallel(n_jobs=-1)]: Done  10 out of  10 | elapsed:    2.2s finished
[Parallel(n_jobs=-1)]: Done   2 out of  10 | elapsed:    1.3s remaining:    5.2s
[Parallel(n_jobs=-1)]: Done  10 out of  10 | elapsed:    2.6s finished
[Parallel(n_jobs=-1)]: Done   2 out of  10 | elapsed:    1.1s remaining:    4.6s
[Parallel(n_jobs=-1)]: Done  10 out of  10 | elapsed:    2.3s finished
[Parallel(n_jobs=-1)]: Done   2 out of  10 | elapsed:    1.8s remaining:    7.1s
[Parallel(n_jobs=-1)]: Done  10 out of  10 | elapsed:    2.4s finished
[Parallel(n_jobs=-1)]: Done   2 out of  10 | elapsed:    0.8s remaining:    3.3s
[Parallel(n_jobs=-1)]: Done  10 out of  10 | elapsed:    1.3s finished
[Parallel(n_jobs=-1)]: Done   2 out of  10 | elapsed:    0.9s remaining:    3.6s
[Parallel(n_jobs=-1)]: Done  10 out of  10 | elapsed:    1.8s finished
[Parallel(n_jobs=-1)]: Done   2 out of  10 | elapsed:    0.7s remaining:    2.7s
[Parallel(n_jobs=-1)]: Done  10 out of  10 | elapsed:    1.2s finished
[Parallel(n_jobs=-1)]: Done   2 out of  10 | elapsed:    0.5s remaining:    1.9s
[Parallel(n_jobs=-1)]: Done  10 out of  10 | elapsed:    1.0s finished
[Parallel(n_jobs=-1)]: Done   2 out of  10 | elapsed:    0.4s remaining:    1.7s
[Parallel(n_jobs=-1)]: Done  10 out of  10 | elapsed:    0.9s finished
[Parallel(n_jobs=-1)]: Done   2 out of  10 | elapsed:    0.1s remaining:    0.5s
[Parallel(n_jobs=-1)]: Done  10 out of  10 | elapsed:    0.3s finished
[Parallel(n_jobs=-1)]: Done   2 out of  10 | elapsed:    1.1s remaining:    4.3s
[Parallel(n_jobs=-1)]: Done  10 out of  10 | elapsed:    2.4s finished
[Parallel(n_jobs=-1)]: Done   2 out of  10 | elapsed:    0.4s remaining:    1.5s
[Parallel(n_jobs=-1)]: Done  10 out of  10 | elapsed:    0.9s finished
[Parallel(n_jobs=-1)]: Done   2 out of  10 | elapsed:    0.2s remaining:    0.9s
[Parallel(n_jobs=-1)]: Done  10 out of  10 | elapsed:    0.4s finished
[Parallel(n_jobs=-1)]: Done   2 out of  10 | elapsed:    0.2s remaining:    0.7s
[Parallel(n_jobs=-1)]: Done  10 out of  10 | elapsed:    0.3s finished
[Parallel(n_jobs=-1)]: Done   2 out of  10 | elapsed:    0.4s remaining:    1.4s
[Parallel(n_jobs=-1)]: Done  10 out of  10 | elapsed:    0.8s finished
[Parallel(n_jobs=-1)]: Done   2 out of  10 | elapsed:    0.0s remaining:    0.1s
[Parallel(n_jobs=-1)]: Done  10 out of  10 | elapsed:    0.0s finished
[Parallel(n_jobs=-1)]: Done   2 out of  10 | elapsed:    0.6s remaining:    2.2s
[Parallel(n_jobs=-1)]: Done  10 out of  10 | elapsed:    1.2s finished
[Parallel(n_jobs=-1)]: Done   2 out of  10 | elapsed:    0.0s remaining:    0.1s
[Parallel(n_jobs=-1)]: Done  10 out of  10 | elapsed:    0.0s finished
[Parallel(n_jobs=-1)]: Done   2 out of  10 | elapsed:    0.4s remaining:    1.7s
[Parallel(n_jobs=-1)]: Done  10 out of  10 | elapsed:    0.9s finished
[Parallel(n_jobs=-1)]: Done   2 out of  10 | elapsed:    1.1s remaining:    4.5s
[Parallel(n_jobs=-1)]: Done  10 out of  10 | elapsed:    2.3s finished
[Parallel(n_jobs=-1)]: Done   2 out of  10 | elapsed:    0.7s remaining:    3.0s
[Parallel(n_jobs=-1)]: Done  10 out of  10 | elapsed:    1.1s finished
[Parallel(n_jobs=-1)]: Done   2 out of  10 | elapsed:    0.5s remaining:    2.1s
[Parallel(n_jobs=-1)]: Done  10 out of  10 | elapsed:    1.1s finished
[Parallel(n_jobs=-1)]: Done   2 out of  10 | elapsed:    1.2s remaining:    4.6s
[Parallel(n_jobs=-1)]: Done  10 out of  10 | elapsed:    2.4s finished
[Parallel(n_jobs=10)]: Done   2 out of  10 | elapsed:    0.0s remaining:    0.0s
[Parallel(n_jobs=10)]: Done  10 out of  10 | elapsed:    0.0s finished
[Parallel(n_jobs=-1)]: Done   2 out of  10 | elapsed:    1.7s remaining:    6.9s
[Parallel(n_jobs=-1)]: Done  10 out of  10 | elapsed:    2.7s finished
[Parallel(n_jobs=10)]: Done   2 out of  10 | elapsed:    0.0s remaining:    0.0s
[Parallel(n_jobs=10)]: Done  10 out of  10 | elapsed:    0.0s finished
[Parallel(n_jobs=-1)]: Done   2 out of  10 | elapsed:    1.3s remaining:    5.3s
[Parallel(n_jobs=-1)]: Done  10 out of  10 | elapsed:    2.8s finished
[Parallel(n_jobs=10)]: Done   2 out of  10 | elapsed:    0.0s remaining:    0.0s
[Parallel(n_jobs=10)]: Done  10 out of  10 | elapsed:    0.0s finished
[Parallel(n_jobs=-1)]: Done   2 out of  10 | elapsed:    1.6s remaining:    6.6s
[Parallel(n_jobs=-1)]: Done  10 out of  10 | elapsed:    2.6s finished
[Parallel(n_jobs=10)]: Done   2 out of  10 | elapsed:    0.0s remaining:    0.0s
[Parallel(n_jobs=10)]: Done  10 out of  10 | elapsed:    0.0s finished
[Parallel(n_jobs=-1)]: Done   2 out of  10 | elapsed:    1.3s remaining:    5.0s
[Parallel(n_jobs=-1)]: Done  10 out of  10 | elapsed:    2.7s finished
[Parallel(n_jobs=10)]: Done   2 out of  10 | elapsed:    0.0s remaining:    0.0s
[Parallel(n_jobs=10)]: Done  10 out of  10 | elapsed:    0.0s finished
[Parallel(n_jobs=-1)]: Done   2 out of  10 | elapsed:    1.2s remaining:    4.9s
[Parallel(n_jobs=-1)]: Done  10 out of  10 | elapsed:    2.3s finished
[Parallel(n_jobs=10)]: Done   2 out of  10 | elapsed:    0.0s remaining:    0.1s
[Parallel(n_jobs=10)]: Done  10 out of  10 | elapsed:    0.0s finished
[Parallel(n_jobs=-1)]: Done   2 out of  10 | elapsed:    1.1s remaining:    4.3s
[Parallel(n_jobs=-1)]: Done  10 out of  10 | elapsed:    2.2s finished
[Parallel(n_jobs=10)]: Done   2 out of  10 | elapsed:    0.0s remaining:    0.1s
[Parallel(n_jobs=10)]: Done  10 out of  10 | elapsed:    0.0s finished
[Parallel(n_jobs=-1)]: Done   2 out of  10 | elapsed:    0.6s remaining:    2.6s
[Parallel(n_jobs=-1)]: Done  10 out of  10 | elapsed:    1.1s finished
[Parallel(n_jobs=10)]: Done   2 out of  10 | elapsed:    0.0s remaining:    0.0s
[Parallel(n_jobs=10)]: Done  10 out of  10 | elapsed:    0.0s finished
[Parallel(n_jobs=-1)]: Done   2 out of  10 | elapsed:    0.4s remaining:    1.5s
[Parallel(n_jobs=-1)]: Done  10 out of  10 | elapsed:    0.7s finished
[Parallel(n_jobs=10)]: Done   2 out of  10 | elapsed:    0.0s remaining:    0.0s
[Parallel(n_jobs=10)]: Done  10 out of  10 | elapsed:    0.0s finished
[Parallel(n_jobs=-1)]: Done   2 out of  10 | elapsed:    0.4s remaining:    1.6s
[Parallel(n_jobs=-1)]: Done  10 out of  10 | elapsed:    0.8s finished
[Parallel(n_jobs=10)]: Done   2 out of  10 | elapsed:    0.0s remaining:    0.0s
[Parallel(n_jobs=10)]: Done  10 out of  10 | elapsed:    0.0s finished
[Parallel(n_jobs=-1)]: Done   2 out of  10 | elapsed:    0.4s remaining:    1.4s
[Parallel(n_jobs=-1)]: Done  10 out of  10 | elapsed:    0.7s finished
[Parallel(n_jobs=10)]: Done   2 out of  10 | elapsed:    0.0s remaining:    0.0s
[Parallel(n_jobs=10)]: Done  10 out of  10 | elapsed:    0.0s finished
[Parallel(n_jobs=-1)]: Done   2 out of  10 | elapsed:    0.4s remaining:    1.6s
[Parallel(n_jobs=-1)]: Done  10 out of  10 | elapsed:    0.8s finished
[Parallel(n_jobs=10)]: Done   2 out of  10 | elapsed:    0.0s remaining:    0.0s
[Parallel(n_jobs=10)]: Done  10 out of  10 | elapsed:    0.0s finished
[Parallel(n_jobs=-1)]: Done   2 out of  10 | elapsed:    0.3s remaining:    1.4s
[Parallel(n_jobs=-1)]: Done  10 out of  10 | elapsed:    0.7s finished
[Parallel(n_jobs=10)]: Done   2 out of  10 | elapsed:    0.0s remaining:    0.0s
[Parallel(n_jobs=10)]: Done  10 out of  10 | elapsed:    0.0s finished
[Parallel(n_jobs=-1)]: Done   2 out of  10 | elapsed:    0.4s remaining:    1.7s
[Parallel(n_jobs=-1)]: Done  10 out of  10 | elapsed:    0.8s finished
[Parallel(n_jobs=10)]: Done   2 out of  10 | elapsed:    0.0s remaining:    0.0s
[Parallel(n_jobs=10)]: Done  10 out of  10 | elapsed:    0.0s finished
[Parallel(n_jobs=-1)]: Done   2 out of  10 | elapsed:    0.5s remaining:    1.8s
[Parallel(n_jobs=-1)]: Done  10 out of  10 | elapsed:    0.7s finished
[Parallel(n_jobs=10)]: Done   2 out of  10 | elapsed:    0.0s remaining:    0.0s
[Parallel(n_jobs=10)]: Done  10 out of  10 | elapsed:    0.0s finished
[Parallel(n_jobs=-1)]: Done   2 out of  10 | elapsed:    0.4s remaining:    1.4s
[Parallel(n_jobs=-1)]: Done  10 out of  10 | elapsed:    0.8s finished
[Parallel(n_jobs=10)]: Done   2 out of  10 | elapsed:    0.0s remaining:    0.0s
[Parallel(n_jobs=10)]: Done  10 out of  10 | elapsed:    0.0s finished
[Parallel(n_jobs=-1)]: Done   2 out of  10 | elapsed:    0.4s remaining:    1.7s
[Parallel(n_jobs=-1)]: Done  10 out of  10 | elapsed:    0.9s finished
[Parallel(n_jobs=10)]: Done   2 out of  10 | elapsed:    0.0s remaining:    0.0s
[Parallel(n_jobs=10)]: Done  10 out of  10 | elapsed:    0.0s finished
[Parallel(n_jobs=-1)]: Done   2 out of  10 | elapsed:    0.5s remaining:    1.9s
[Parallel(n_jobs=-1)]: Done  10 out of  10 | elapsed:    0.8s finished
[Parallel(n_jobs=10)]: Done   2 out of  10 | elapsed:    0.0s remaining:    0.0s
[Parallel(n_jobs=10)]: Done  10 out of  10 | elapsed:    0.0s finished
[Parallel(n_jobs=-1)]: Done   2 out of  10 | elapsed:    0.4s remaining:    1.5s
[Parallel(n_jobs=-1)]: Done  10 out of  10 | elapsed:    0.9s finished
[Parallel(n_jobs=10)]: Done   2 out of  10 | elapsed:    0.0s remaining:    0.0s
[Parallel(n_jobs=10)]: Done  10 out of  10 | elapsed:    0.0s finished
[Parallel(n_jobs=-1)]: Done   2 out of  10 | elapsed:    0.4s remaining:    1.4s
[Parallel(n_jobs=-1)]: Done  10 out of  10 | elapsed:    0.8s finished
[Parallel(n_jobs=10)]: Done   2 out of  10 | elapsed:    0.0s remaining:    0.0s
[Parallel(n_jobs=10)]: Done  10 out of  10 | elapsed:    0.0s finished
[Parallel(n_jobs=-1)]: Done   2 out of  10 | elapsed:    1.3s remaining:    5.0s
[Parallel(n_jobs=-1)]: Done  10 out of  10 | elapsed:    1.8s finished
[Parallel(n_jobs=10)]: Done   2 out of  10 | elapsed:    0.0s remaining:    0.1s
[Parallel(n_jobs=10)]: Done  10 out of  10 | elapsed:    0.0s finished
[Parallel(n_jobs=-1)]: Done   2 out of  10 | elapsed:    0.9s remaining:    3.5s
[Parallel(n_jobs=-1)]: Done  10 out of  10 | elapsed:    1.4s finished
[Parallel(n_jobs=10)]: Done   2 out of  10 | elapsed:    0.0s remaining:    0.1s
[Parallel(n_jobs=10)]: Done  10 out of  10 | elapsed:    0.0s finished
[Parallel(n_jobs=-1)]: Done   2 out of  10 | elapsed:    0.7s remaining:    2.7s
[Parallel(n_jobs=-1)]: Done  10 out of  10 | elapsed:    1.5s finished
[Parallel(n_jobs=10)]: Done   2 out of  10 | elapsed:    0.0s remaining:    0.1s
[Parallel(n_jobs=10)]: Done  10 out of  10 | elapsed:    0.0s finished
[Parallel(n_jobs=-1)]: Done   2 out of  10 | elapsed:    0.6s remaining:    2.3s
[Parallel(n_jobs=-1)]: Done  10 out of  10 | elapsed:    1.3s finished
[Parallel(n_jobs=10)]: Done   2 out of  10 | elapsed:    0.0s remaining:    0.2s
[Parallel(n_jobs=10)]: Done  10 out of  10 | elapsed:    0.1s finished
[Parallel(n_jobs=-1)]: Done   2 out of  10 | elapsed:    0.8s remaining:    3.1s
[Parallel(n_jobs=-1)]: Done  10 out of  10 | elapsed:    1.0s finished
[Parallel(n_jobs=10)]: Done   2 out of  10 | elapsed:    0.0s remaining:    0.1s
[Parallel(n_jobs=10)]: Done  10 out of  10 | elapsed:    0.0s finished
[Parallel(n_jobs=-1)]: Done   2 out of  10 | elapsed:    0.5s remaining:    2.0s
[Parallel(n_jobs=-1)]: Done  10 out of  10 | elapsed:    1.0s finished
[Parallel(n_jobs=10)]: Done   2 out of  10 | elapsed:    0.0s remaining:    0.1s
[Parallel(n_jobs=10)]: Done  10 out of  10 | elapsed:    0.1s finished
[Parallel(n_jobs=-1)]: Done   2 out of  10 | elapsed:    1.0s remaining:    3.8s
[Parallel(n_jobs=-1)]: Done  10 out of  10 | elapsed:    2.3s finished
[Parallel(n_jobs=-1)]: Done   2 out of  10 | elapsed:    0.4s remaining:    1.6s
[Parallel(n_jobs=-1)]: Done  10 out of  10 | elapsed:    0.9s finished
[Parallel(n_jobs=-1)]: Done   2 out of  10 | elapsed:    0.5s remaining:    2.0s
[Parallel(n_jobs=-1)]: Done  10 out of  10 | elapsed:    0.9s finished
[Parallel(n_jobs=-1)]: Done   2 out of  10 | elapsed:    0.4s remaining:    1.6s
[Parallel(n_jobs=-1)]: Done  10 out of  10 | elapsed:    0.8s finished
[Parallel(n_jobs=-1)]: Done   2 out of  10 | elapsed:    0.4s remaining:    1.5s
[Parallel(n_jobs=-1)]: Done  10 out of  10 | elapsed:    0.8s finished
[Parallel(n_jobs=-1)]: Done   2 out of  10 | elapsed:    1.2s remaining:    4.7s
[Parallel(n_jobs=-1)]: Done  10 out of  10 | elapsed:    2.5s finished
[Parallel(n_jobs=-1)]: Done   2 out of  10 | elapsed:    1.1s remaining:    4.2s
[Parallel(n_jobs=-1)]: Done  10 out of  10 | elapsed:    2.0s finished
[Parallel(n_jobs=-1)]: Done   2 out of  10 | elapsed:    2.0s remaining:    8.0s
[Parallel(n_jobs=-1)]: Done  10 out of  10 | elapsed:    2.7s finished
[Parallel(n_jobs=-1)]: Done   2 out of  10 | elapsed:    2.0s remaining:    7.8s
[Parallel(n_jobs=-1)]: Done  10 out of  10 | elapsed:    2.6s finished
[Parallel(n_jobs=-1)]: Done   2 out of  10 | elapsed:    1.2s remaining:    4.7s
[Parallel(n_jobs=-1)]: Done  10 out of  10 | elapsed:    2.1s finished
[Parallel(n_jobs=-1)]: Done   2 out of  10 | elapsed:    1.5s remaining:    5.9s
[Parallel(n_jobs=-1)]: Done  10 out of  10 | elapsed:    2.7s finished
[Parallel(n_jobs=-1)]: Done   2 out of  10 | elapsed:    1.3s remaining:    5.3s
[Parallel(n_jobs=-1)]: Done  10 out of  10 | elapsed:    2.3s finished
[Parallel(n_jobs=-1)]: Done   2 out of  10 | elapsed:    1.3s remaining:    5.3s
[Parallel(n_jobs=-1)]: Done  10 out of  10 | elapsed:    2.6s finished
[Parallel(n_jobs=-1)]: Done   2 out of  10 | elapsed:    1.1s remaining:    4.4s
[Parallel(n_jobs=-1)]: Done  10 out of  10 | elapsed:    2.4s finished
[Parallel(n_jobs=-1)]: Done   2 out of  10 | elapsed:    1.1s remaining:    4.5s
[Parallel(n_jobs=-1)]: Done  10 out of  10 | elapsed:    2.2s finished
[Parallel(n_jobs=-1)]: Done   2 out of  10 | elapsed:    0.9s remaining:    3.6s
[Parallel(n_jobs=-1)]: Done  10 out of  10 | elapsed:    1.5s finished
[Parallel(n_jobs=-1)]: Done   2 out of  10 | elapsed:    0.9s remaining:    3.7s
[Parallel(n_jobs=-1)]: Done  10 out of  10 | elapsed:    1.9s finished
[Parallel(n_jobs=-1)]: Done   2 out of  10 | elapsed:    0.9s remaining:    3.6s
[Parallel(n_jobs=-1)]: Done  10 out of  10 | elapsed:    1.2s finished
[Parallel(n_jobs=-1)]: Done   2 out of  10 | elapsed:    0.6s remaining:    2.5s
[Parallel(n_jobs=-1)]: Done  10 out of  10 | elapsed:    0.8s finished
[Parallel(n_jobs=-1)]: Done   2 out of  10 | elapsed:    0.6s remaining:    2.3s
[Parallel(n_jobs=-1)]: Done  10 out of  10 | elapsed:    1.0s finished
[Parallel(n_jobs=-1)]: Done   2 out of  10 | elapsed:    0.2s remaining:    0.7s
[Parallel(n_jobs=-1)]: Done  10 out of  10 | elapsed:    0.2s finished
[Parallel(n_jobs=-1)]: Done   2 out of  10 | elapsed:    1.1s remaining:    4.2s
[Parallel(n_jobs=-1)]: Done  10 out of  10 | elapsed:    2.4s finished
[Parallel(n_jobs=-1)]: Done   2 out of  10 | elapsed:    0.6s remaining:    2.4s
[Parallel(n_jobs=-1)]: Done  10 out of  10 | elapsed:    0.9s finished
[Parallel(n_jobs=-1)]: Done   2 out of  10 | elapsed:    0.2s remaining:    0.7s
[Parallel(n_jobs=-1)]: Done  10 out of  10 | elapsed:    0.4s finished
[Parallel(n_jobs=-1)]: Done   2 out of  10 | elapsed:    0.3s remaining:    1.1s
[Parallel(n_jobs=-1)]: Done  10 out of  10 | elapsed:    0.4s finished
[Parallel(n_jobs=-1)]: Done   2 out of  10 | elapsed:    0.4s remaining:    1.6s
[Parallel(n_jobs=-1)]: Done  10 out of  10 | elapsed:    0.8s finished
[Parallel(n_jobs=-1)]: Done   2 out of  10 | elapsed:    0.0s remaining:    0.1s
[Parallel(n_jobs=-1)]: Done  10 out of  10 | elapsed:    0.0s finished
[Parallel(n_jobs=-1)]: Done   2 out of  10 | elapsed:    0.7s remaining:    2.9s
[Parallel(n_jobs=-1)]: Done  10 out of  10 | elapsed:    1.1s finished
[Parallel(n_jobs=-1)]: Done   2 out of  10 | elapsed:    0.0s remaining:    0.1s
[Parallel(n_jobs=-1)]: Done  10 out of  10 | elapsed:    0.0s finished
[Parallel(n_jobs=-1)]: Done   2 out of  10 | elapsed:    0.5s remaining:    1.8s
[Parallel(n_jobs=-1)]: Done  10 out of  10 | elapsed:    0.9s finished
[Parallel(n_jobs=-1)]: Done   2 out of  10 | elapsed:    1.0s remaining:    4.1s
[Parallel(n_jobs=-1)]: Done  10 out of  10 | elapsed:    2.5s finished
[Parallel(n_jobs=-1)]: Done   2 out of  10 | elapsed:    0.7s remaining:    2.8s
[Parallel(n_jobs=-1)]: Done  10 out of  10 | elapsed:    1.3s finished
[Parallel(n_jobs=-1)]: Done   2 out of  10 | elapsed:    0.5s remaining:    2.2s
[Parallel(n_jobs=-1)]: Done  10 out of  10 | elapsed:    1.2s finished
[Parallel(n_jobs=-1)]: Done   2 out of  10 | elapsed:    1.2s remaining:    4.9s
[Parallel(n_jobs=-1)]: Done  10 out of  10 | elapsed:    2.4s finished
[Parallel(n_jobs=10)]: Done   2 out of  10 | elapsed:    0.0s remaining:    0.0s
[Parallel(n_jobs=10)]: Done  10 out of  10 | elapsed:    0.0s finished
[Parallel(n_jobs=-1)]: Done   2 out of  10 | elapsed:    1.2s remaining:    5.0s
[Parallel(n_jobs=-1)]: Done  10 out of  10 | elapsed:    2.6s finished
[Parallel(n_jobs=10)]: Done   2 out of  10 | elapsed:    0.0s remaining:    0.0s
[Parallel(n_jobs=10)]: Done  10 out of  10 | elapsed:    0.0s finished
[Parallel(n_jobs=-1)]: Done   2 out of  10 | elapsed:    1.3s remaining:    5.2s
[Parallel(n_jobs=-1)]: Done  10 out of  10 | elapsed:    2.8s finished
[Parallel(n_jobs=10)]: Done   2 out of  10 | elapsed:    0.0s remaining:    0.0s
[Parallel(n_jobs=10)]: Done  10 out of  10 | elapsed:    0.0s finished
[Parallel(n_jobs=-1)]: Done   2 out of  10 | elapsed:    1.7s remaining:    6.8s
[Parallel(n_jobs=-1)]: Done  10 out of  10 | elapsed:    3.0s finished
[Parallel(n_jobs=10)]: Done   2 out of  10 | elapsed:    0.0s remaining:    0.0s
[Parallel(n_jobs=10)]: Done  10 out of  10 | elapsed:    0.0s finished
[Parallel(n_jobs=-1)]: Done   2 out of  10 | elapsed:    1.3s remaining:    5.2s
[Parallel(n_jobs=-1)]: Done  10 out of  10 | elapsed:    2.6s finished
[Parallel(n_jobs=10)]: Done   2 out of  10 | elapsed:    0.0s remaining:    0.0s
[Parallel(n_jobs=10)]: Done  10 out of  10 | elapsed:    0.0s finished
[Parallel(n_jobs=-1)]: Done   2 out of  10 | elapsed:    1.4s remaining:    5.4s
[Parallel(n_jobs=-1)]: Done  10 out of  10 | elapsed:    2.4s finished
[Parallel(n_jobs=10)]: Done   2 out of  10 | elapsed:    0.0s remaining:    0.1s
[Parallel(n_jobs=10)]: Done  10 out of  10 | elapsed:    0.0s finished
[Parallel(n_jobs=-1)]: Done   2 out of  10 | elapsed:    1.6s remaining:    6.5s
[Parallel(n_jobs=-1)]: Done  10 out of  10 | elapsed:    2.2s finished
[Parallel(n_jobs=10)]: Done   2 out of  10 | elapsed:    0.0s remaining:    0.0s
[Parallel(n_jobs=10)]: Done  10 out of  10 | elapsed:    0.0s finished
[Parallel(n_jobs=-1)]: Done   2 out of  10 | elapsed:    0.4s remaining:    1.6s
[Parallel(n_jobs=-1)]: Done  10 out of  10 | elapsed:    0.7s finished
[Parallel(n_jobs=10)]: Done   2 out of  10 | elapsed:    0.0s remaining:    0.0s
[Parallel(n_jobs=10)]: Done  10 out of  10 | elapsed:    0.0s finished
[Parallel(n_jobs=-1)]: Done   2 out of  10 | elapsed:    0.4s remaining:    1.4s
[Parallel(n_jobs=-1)]: Done  10 out of  10 | elapsed:    0.7s finished
[Parallel(n_jobs=10)]: Done   2 out of  10 | elapsed:    0.0s remaining:    0.0s
[Parallel(n_jobs=10)]: Done  10 out of  10 | elapsed:    0.0s finished
[Parallel(n_jobs=-1)]: Done   2 out of  10 | elapsed:    0.5s remaining:    2.0s
[Parallel(n_jobs=-1)]: Done  10 out of  10 | elapsed:    0.9s finished
[Parallel(n_jobs=10)]: Done   2 out of  10 | elapsed:    0.0s remaining:    0.0s
[Parallel(n_jobs=10)]: Done  10 out of  10 | elapsed:    0.0s finished
[Parallel(n_jobs=-1)]: Done   2 out of  10 | elapsed:    0.7s remaining:    2.8s
[Parallel(n_jobs=-1)]: Done  10 out of  10 | elapsed:    1.0s finished
[Parallel(n_jobs=10)]: Done   2 out of  10 | elapsed:    0.0s remaining:    0.0s
[Parallel(n_jobs=10)]: Done  10 out of  10 | elapsed:    0.0s finished
[Parallel(n_jobs=-1)]: Done   2 out of  10 | elapsed:    0.8s remaining:    3.2s
[Parallel(n_jobs=-1)]: Done  10 out of  10 | elapsed:    1.2s finished
[Parallel(n_jobs=10)]: Done   2 out of  10 | elapsed:    0.0s remaining:    0.0s
[Parallel(n_jobs=10)]: Done  10 out of  10 | elapsed:    0.0s finished
[Parallel(n_jobs=-1)]: Done   2 out of  10 | elapsed:    0.4s remaining:    1.7s
[Parallel(n_jobs=-1)]: Done  10 out of  10 | elapsed:    0.7s finished
[Parallel(n_jobs=10)]: Done   2 out of  10 | elapsed:    0.0s remaining:    0.0s
[Parallel(n_jobs=10)]: Done  10 out of  10 | elapsed:    0.0s finished
[Parallel(n_jobs=-1)]: Done   2 out of  10 | elapsed:    0.4s remaining:    1.6s
[Parallel(n_jobs=-1)]: Done  10 out of  10 | elapsed:    0.7s finished
[Parallel(n_jobs=10)]: Done   2 out of  10 | elapsed:    0.0s remaining:    0.0s
[Parallel(n_jobs=10)]: Done  10 out of  10 | elapsed:    0.0s finished
[Parallel(n_jobs=-1)]: Done   2 out of  10 | elapsed:    0.4s remaining:    1.5s
[Parallel(n_jobs=-1)]: Done  10 out of  10 | elapsed:    0.8s finished
[Parallel(n_jobs=10)]: Done   2 out of  10 | elapsed:    0.0s remaining:    0.0s
[Parallel(n_jobs=10)]: Done  10 out of  10 | elapsed:    0.0s finished
[Parallel(n_jobs=-1)]: Done   2 out of  10 | elapsed:    0.4s remaining:    1.6s
[Parallel(n_jobs=-1)]: Done  10 out of  10 | elapsed:    0.8s finished
[Parallel(n_jobs=10)]: Done   2 out of  10 | elapsed:    0.0s remaining:    0.0s
[Parallel(n_jobs=10)]: Done  10 out of  10 | elapsed:    0.0s finished
[Parallel(n_jobs=-1)]: Done   2 out of  10 | elapsed:    0.6s remaining:    2.3s
[Parallel(n_jobs=-1)]: Done  10 out of  10 | elapsed:    0.9s finished
[Parallel(n_jobs=10)]: Done   2 out of  10 | elapsed:    0.0s remaining:    0.0s
[Parallel(n_jobs=10)]: Done  10 out of  10 | elapsed:    0.0s finished
[Parallel(n_jobs=-1)]: Done   2 out of  10 | elapsed:    0.4s remaining:    1.5s
[Parallel(n_jobs=-1)]: Done  10 out of  10 | elapsed:    0.8s finished
[Parallel(n_jobs=10)]: Done   2 out of  10 | elapsed:    0.0s remaining:    0.0s
[Parallel(n_jobs=10)]: Done  10 out of  10 | elapsed:    0.0s finished
[Parallel(n_jobs=-1)]: Done   2 out of  10 | elapsed:    0.8s remaining:    3.3s
[Parallel(n_jobs=-1)]: Done  10 out of  10 | elapsed:    1.1s finished
[Parallel(n_jobs=10)]: Done   2 out of  10 | elapsed:    0.0s remaining:    0.0s
[Parallel(n_jobs=10)]: Done  10 out of  10 | elapsed:    0.0s finished
[Parallel(n_jobs=-1)]: Done   2 out of  10 | elapsed:    0.5s remaining:    2.2s
[Parallel(n_jobs=-1)]: Done  10 out of  10 | elapsed:    0.9s finished
[Parallel(n_jobs=10)]: Done   2 out of  10 | elapsed:    0.0s remaining:    0.0s
[Parallel(n_jobs=10)]: Done  10 out of  10 | elapsed:    0.0s finished
[Parallel(n_jobs=-1)]: Done   2 out of  10 | elapsed:    0.9s remaining:    3.5s
[Parallel(n_jobs=-1)]: Done  10 out of  10 | elapsed:    1.6s finished
[Parallel(n_jobs=10)]: Done   2 out of  10 | elapsed:    0.0s remaining:    0.1s
[Parallel(n_jobs=10)]: Done  10 out of  10 | elapsed:    0.1s finished
[Parallel(n_jobs=-1)]: Done   2 out of  10 | elapsed:    0.8s remaining:    3.3s
[Parallel(n_jobs=-1)]: Done  10 out of  10 | elapsed:    1.5s finished
[Parallel(n_jobs=10)]: Done   2 out of  10 | elapsed:    0.0s remaining:    0.1s
[Parallel(n_jobs=10)]: Done  10 out of  10 | elapsed:    0.1s finished
[Parallel(n_jobs=-1)]: Done   2 out of  10 | elapsed:    0.8s remaining:    3.0s
[Parallel(n_jobs=-1)]: Done  10 out of  10 | elapsed:    1.5s finished
[Parallel(n_jobs=10)]: Done   2 out of  10 | elapsed:    0.0s remaining:    0.2s
[Parallel(n_jobs=10)]: Done  10 out of  10 | elapsed:    0.1s finished
[Parallel(n_jobs=-1)]: Done   2 out of  10 | elapsed:    0.6s remaining:    2.3s
[Parallel(n_jobs=-1)]: Done  10 out of  10 | elapsed:    1.3s finished
[Parallel(n_jobs=10)]: Done   2 out of  10 | elapsed:    0.0s remaining:    0.1s
[Parallel(n_jobs=10)]: Done  10 out of  10 | elapsed:    0.1s finished
[Parallel(n_jobs=-1)]: Done   2 out of  10 | elapsed:    0.5s remaining:    2.0s
[Parallel(n_jobs=-1)]: Done  10 out of  10 | elapsed:    1.0s finished
[Parallel(n_jobs=10)]: Done   2 out of  10 | elapsed:    0.0s remaining:    0.1s
[Parallel(n_jobs=10)]: Done  10 out of  10 | elapsed:    0.1s finished
[Parallel(n_jobs=-1)]: Done   2 out of  10 | elapsed:    0.5s remaining:    1.9s
[Parallel(n_jobs=-1)]: Done  10 out of  10 | elapsed:    1.0s finished
[Parallel(n_jobs=10)]: Done   2 out of  10 | elapsed:    0.0s remaining:    0.2s
[Parallel(n_jobs=10)]: Done  10 out of  10 | elapsed:    0.1s finished
[Parallel(n_jobs=-1)]: Done   2 out of  10 | elapsed:    0.9s remaining:    3.5s
[Parallel(n_jobs=-1)]: Done  10 out of  10 | elapsed:    2.0s finished
[Parallel(n_jobs=-1)]: Done   2 out of  10 | elapsed:    0.4s remaining:    1.4s
[Parallel(n_jobs=-1)]: Done  10 out of  10 | elapsed:    0.8s finished
[Parallel(n_jobs=-1)]: Done   2 out of  10 | elapsed:    0.4s remaining:    1.7s
[Parallel(n_jobs=-1)]: Done  10 out of  10 | elapsed:    1.0s finished
[Parallel(n_jobs=-1)]: Done   2 out of  10 | elapsed:    0.6s remaining:    2.4s
[Parallel(n_jobs=-1)]: Done  10 out of  10 | elapsed:    0.8s finished
[Parallel(n_jobs=-1)]: Done   2 out of  10 | elapsed:    0.4s remaining:    1.5s
[Parallel(n_jobs=-1)]: Done  10 out of  10 | elapsed:    0.8s finished
[Parallel(n_jobs=-1)]: Done   2 out of  10 | elapsed:    1.2s remaining:    4.7s
[Parallel(n_jobs=-1)]: Done  10 out of  10 | elapsed:    2.4s finished
[Parallel(n_jobs=-1)]: Done   2 out of  10 | elapsed:    1.0s remaining:    3.9s
[Parallel(n_jobs=-1)]: Done  10 out of  10 | elapsed:    2.0s finished
[Parallel(n_jobs=-1)]: Done   2 out of  10 | elapsed:    1.2s remaining:    5.0s
[Parallel(n_jobs=-1)]: Done  10 out of  10 | elapsed:    2.5s finished
[Parallel(n_jobs=-1)]: Done   2 out of  10 | elapsed:    1.9s remaining:    7.5s
[Parallel(n_jobs=-1)]: Done  10 out of  10 | elapsed:    2.4s finished
[Parallel(n_jobs=-1)]: Done   2 out of  10 | elapsed:    1.0s remaining:    4.2s
[Parallel(n_jobs=-1)]: Done  10 out of  10 | elapsed:    2.3s finished
[Parallel(n_jobs=-1)]: Done   2 out of  10 | elapsed:    1.2s remaining:    4.7s
[Parallel(n_jobs=-1)]: Done  10 out of  10 | elapsed:    2.6s finished
[Parallel(n_jobs=-1)]: Done   2 out of  10 | elapsed:    1.4s remaining:    5.7s
[Parallel(n_jobs=-1)]: Done  10 out of  10 | elapsed:    2.5s finished
[Parallel(n_jobs=-1)]: Done   2 out of  10 | elapsed:    1.2s remaining:    5.0s
[Parallel(n_jobs=-1)]: Done  10 out of  10 | elapsed:    2.5s finished
[Parallel(n_jobs=-1)]: Done   2 out of  10 | elapsed:    1.1s remaining:    4.2s
[Parallel(n_jobs=-1)]: Done  10 out of  10 | elapsed:    2.5s finished
[Parallel(n_jobs=-1)]: Done   2 out of  10 | elapsed:    1.2s remaining:    4.7s
[Parallel(n_jobs=-1)]: Done  10 out of  10 | elapsed:    2.4s finished
[Parallel(n_jobs=-1)]: Done   2 out of  10 | elapsed:    0.8s remaining:    3.3s
[Parallel(n_jobs=-1)]: Done  10 out of  10 | elapsed:    1.3s finished
[Parallel(n_jobs=-1)]: Done   2 out of  10 | elapsed:    0.9s remaining:    3.5s
[Parallel(n_jobs=-1)]: Done  10 out of  10 | elapsed:    1.8s finished
[Parallel(n_jobs=-1)]: Done   2 out of  10 | elapsed:    0.6s remaining:    2.4s
[Parallel(n_jobs=-1)]: Done  10 out of  10 | elapsed:    1.1s finished
[Parallel(n_jobs=-1)]: Done   2 out of  10 | elapsed:    0.5s remaining:    2.0s
[Parallel(n_jobs=-1)]: Done  10 out of  10 | elapsed:    0.8s finished
[Parallel(n_jobs=-1)]: Done   2 out of  10 | elapsed:    0.5s remaining:    2.1s
[Parallel(n_jobs=-1)]: Done  10 out of  10 | elapsed:    1.0s finished
[Parallel(n_jobs=-1)]: Done   2 out of  10 | elapsed:    0.1s remaining:    0.5s
[Parallel(n_jobs=-1)]: Done  10 out of  10 | elapsed:    0.2s finished
[Parallel(n_jobs=-1)]: Done   2 out of  10 | elapsed:    1.2s remaining:    4.6s
[Parallel(n_jobs=-1)]: Done  10 out of  10 | elapsed:    2.2s finished
[Parallel(n_jobs=-1)]: Done   2 out of  10 | elapsed:    0.4s remaining:    1.5s
[Parallel(n_jobs=-1)]: Done  10 out of  10 | elapsed:    0.9s finished
[Parallel(n_jobs=-1)]: Done   2 out of  10 | elapsed:    0.3s remaining:    1.1s
[Parallel(n_jobs=-1)]: Done  10 out of  10 | elapsed:    0.4s finished
[Parallel(n_jobs=-1)]: Done   2 out of  10 | elapsed:    0.4s remaining:    1.8s
[Parallel(n_jobs=-1)]: Done  10 out of  10 | elapsed:    0.6s finished
[Parallel(n_jobs=-1)]: Done   2 out of  10 | elapsed:    0.9s remaining:    3.5s
[Parallel(n_jobs=-1)]: Done  10 out of  10 | elapsed:    1.2s finished
[Parallel(n_jobs=-1)]: Done   2 out of  10 | elapsed:    0.0s remaining:    0.1s
[Parallel(n_jobs=-1)]: Done  10 out of  10 | elapsed:    0.0s finished
[Parallel(n_jobs=-1)]: Done   2 out of  10 | elapsed:    0.6s remaining:    2.2s
[Parallel(n_jobs=-1)]: Done  10 out of  10 | elapsed:    1.1s finished
[Parallel(n_jobs=-1)]: Done   2 out of  10 | elapsed:    0.0s remaining:    0.1s
[Parallel(n_jobs=-1)]: Done  10 out of  10 | elapsed:    0.0s finished
[Parallel(n_jobs=-1)]: Done   2 out of  10 | elapsed:    0.7s remaining:    2.7s
[Parallel(n_jobs=-1)]: Done  10 out of  10 | elapsed:    0.9s finished
[Parallel(n_jobs=-1)]: Done   2 out of  10 | elapsed:    1.1s remaining:    4.4s
[Parallel(n_jobs=-1)]: Done  10 out of  10 | elapsed:    2.2s finished
[Parallel(n_jobs=-1)]: Done   2 out of  10 | elapsed:    0.6s remaining:    2.2s
[Parallel(n_jobs=-1)]: Done  10 out of  10 | elapsed:    1.1s finished
[Parallel(n_jobs=-1)]: Done   2 out of  10 | elapsed:    0.6s remaining:    2.3s
[Parallel(n_jobs=-1)]: Done  10 out of  10 | elapsed:    1.2s finished
[Parallel(n_jobs=-1)]: Done   2 out of  10 | elapsed:    1.2s remaining:    5.0s
[Parallel(n_jobs=-1)]: Done  10 out of  10 | elapsed:    2.4s finished
[Parallel(n_jobs=10)]: Done   2 out of  10 | elapsed:    0.0s remaining:    0.0s
[Parallel(n_jobs=10)]: Done  10 out of  10 | elapsed:    0.0s finished
[Parallel(n_jobs=-1)]: Done   2 out of  10 | elapsed:    1.3s remaining:    5.2s
[Parallel(n_jobs=-1)]: Done  10 out of  10 | elapsed:    2.6s finished
[Parallel(n_jobs=10)]: Done   2 out of  10 | elapsed:    0.0s remaining:    0.0s
[Parallel(n_jobs=10)]: Done  10 out of  10 | elapsed:    0.0s finished
[Parallel(n_jobs=-1)]: Done   2 out of  10 | elapsed:    1.3s remaining:    5.3s
[Parallel(n_jobs=-1)]: Done  10 out of  10 | elapsed:    2.6s finished
[Parallel(n_jobs=10)]: Done   2 out of  10 | elapsed:    0.0s remaining:    0.0s
[Parallel(n_jobs=10)]: Done  10 out of  10 | elapsed:    0.0s finished
[Parallel(n_jobs=-1)]: Done   2 out of  10 | elapsed:    1.2s remaining:    5.0s
[Parallel(n_jobs=-1)]: Done  10 out of  10 | elapsed:    2.7s finished
[Parallel(n_jobs=10)]: Done   2 out of  10 | elapsed:    0.0s remaining:    0.0s
[Parallel(n_jobs=10)]: Done  10 out of  10 | elapsed:    0.0s finished
[Parallel(n_jobs=-1)]: Done   2 out of  10 | elapsed:    1.3s remaining:    5.2s
[Parallel(n_jobs=-1)]: Done  10 out of  10 | elapsed:    2.7s finished
[Parallel(n_jobs=10)]: Done   2 out of  10 | elapsed:    0.0s remaining:    0.0s
[Parallel(n_jobs=10)]: Done  10 out of  10 | elapsed:    0.0s finished
[Parallel(n_jobs=-1)]: Done   2 out of  10 | elapsed:    1.1s remaining:    4.3s
[Parallel(n_jobs=-1)]: Done  10 out of  10 | elapsed:    2.2s finished
[Parallel(n_jobs=10)]: Done   2 out of  10 | elapsed:    0.0s remaining:    0.0s
[Parallel(n_jobs=10)]: Done  10 out of  10 | elapsed:    0.0s finished
[Parallel(n_jobs=-1)]: Done   2 out of  10 | elapsed:    1.1s remaining:    4.5s
[Parallel(n_jobs=-1)]: Done  10 out of  10 | elapsed:    2.3s finished
[Parallel(n_jobs=10)]: Done   2 out of  10 | elapsed:    0.0s remaining:    0.1s
[Parallel(n_jobs=10)]: Done  10 out of  10 | elapsed:    0.0s finished
[Parallel(n_jobs=-1)]: Done   2 out of  10 | elapsed:    0.5s remaining:    2.0s
[Parallel(n_jobs=-1)]: Done  10 out of  10 | elapsed:    0.7s finished
[Parallel(n_jobs=10)]: Done   2 out of  10 | elapsed:    0.0s remaining:    0.0s
[Parallel(n_jobs=10)]: Done  10 out of  10 | elapsed:    0.0s finished
[Parallel(n_jobs=-1)]: Done   2 out of  10 | elapsed:    0.3s remaining:    1.4s
[Parallel(n_jobs=-1)]: Done  10 out of  10 | elapsed:    0.7s finished
[Parallel(n_jobs=10)]: Done   2 out of  10 | elapsed:    0.0s remaining:    0.0s
[Parallel(n_jobs=10)]: Done  10 out of  10 | elapsed:    0.0s finished
[Parallel(n_jobs=-1)]: Done   2 out of  10 | elapsed:    0.4s remaining:    1.5s
[Parallel(n_jobs=-1)]: Done  10 out of  10 | elapsed:    0.8s finished
[Parallel(n_jobs=10)]: Done   2 out of  10 | elapsed:    0.0s remaining:    0.0s
[Parallel(n_jobs=10)]: Done  10 out of  10 | elapsed:    0.0s finished
[Parallel(n_jobs=-1)]: Done   2 out of  10 | elapsed:    0.5s remaining:    2.0s
[Parallel(n_jobs=-1)]: Done  10 out of  10 | elapsed:    0.7s finished
[Parallel(n_jobs=10)]: Done   2 out of  10 | elapsed:    0.0s remaining:    0.0s
[Parallel(n_jobs=10)]: Done  10 out of  10 | elapsed:    0.0s finished
[Parallel(n_jobs=-1)]: Done   2 out of  10 | elapsed:    0.4s remaining:    1.7s
[Parallel(n_jobs=-1)]: Done  10 out of  10 | elapsed:    0.8s finished
[Parallel(n_jobs=10)]: Done   2 out of  10 | elapsed:    0.0s remaining:    0.0s
[Parallel(n_jobs=10)]: Done  10 out of  10 | elapsed:    0.0s finished
[Parallel(n_jobs=-1)]: Done   2 out of  10 | elapsed:    0.4s remaining:    1.5s
[Parallel(n_jobs=-1)]: Done  10 out of  10 | elapsed:    0.7s finished
[Parallel(n_jobs=10)]: Done   2 out of  10 | elapsed:    0.0s remaining:    0.0s
[Parallel(n_jobs=10)]: Done  10 out of  10 | elapsed:    0.0s finished
[Parallel(n_jobs=-1)]: Done   2 out of  10 | elapsed:    0.4s remaining:    1.5s
[Parallel(n_jobs=-1)]: Done  10 out of  10 | elapsed:    0.8s finished
[Parallel(n_jobs=10)]: Done   2 out of  10 | elapsed:    0.0s remaining:    0.0s
[Parallel(n_jobs=10)]: Done  10 out of  10 | elapsed:    0.0s finished
[Parallel(n_jobs=-1)]: Done   2 out of  10 | elapsed:    0.3s remaining:    1.2s
[Parallel(n_jobs=-1)]: Done  10 out of  10 | elapsed:    0.7s finished
[Parallel(n_jobs=10)]: Done   2 out of  10 | elapsed:    0.0s remaining:    0.0s
[Parallel(n_jobs=10)]: Done  10 out of  10 | elapsed:    0.0s finished
[Parallel(n_jobs=-1)]: Done   2 out of  10 | elapsed:    0.4s remaining:    1.6s
[Parallel(n_jobs=-1)]: Done  10 out of  10 | elapsed:    0.8s finished
[Parallel(n_jobs=10)]: Done   2 out of  10 | elapsed:    0.0s remaining:    0.0s
[Parallel(n_jobs=10)]: Done  10 out of  10 | elapsed:    0.0s finished
[Parallel(n_jobs=-1)]: Done   2 out of  10 | elapsed:    0.4s remaining:    1.7s
[Parallel(n_jobs=-1)]: Done  10 out of  10 | elapsed:    0.9s finished
[Parallel(n_jobs=10)]: Done   2 out of  10 | elapsed:    0.0s remaining:    0.0s
[Parallel(n_jobs=10)]: Done  10 out of  10 | elapsed:    0.0s finished
[Parallel(n_jobs=-1)]: Done   2 out of  10 | elapsed:    0.6s remaining:    2.3s
[Parallel(n_jobs=-1)]: Done  10 out of  10 | elapsed:    0.9s finished
[Parallel(n_jobs=10)]: Done   2 out of  10 | elapsed:    0.0s remaining:    0.0s
[Parallel(n_jobs=10)]: Done  10 out of  10 | elapsed:    0.0s finished
[Parallel(n_jobs=-1)]: Done   2 out of  10 | elapsed:    0.4s remaining:    1.4s
[Parallel(n_jobs=-1)]: Done  10 out of  10 | elapsed:    0.9s finished
[Parallel(n_jobs=10)]: Done   2 out of  10 | elapsed:    0.0s remaining:    0.0s
[Parallel(n_jobs=10)]: Done  10 out of  10 | elapsed:    0.0s finished
[Parallel(n_jobs=-1)]: Done   2 out of  10 | elapsed:    0.4s remaining:    1.5s
[Parallel(n_jobs=-1)]: Done  10 out of  10 | elapsed:    0.8s finished
[Parallel(n_jobs=10)]: Done   2 out of  10 | elapsed:    0.0s remaining:    0.0s
[Parallel(n_jobs=10)]: Done  10 out of  10 | elapsed:    0.0s finished
[Parallel(n_jobs=-1)]: Done   2 out of  10 | elapsed:    0.8s remaining:    3.1s
[Parallel(n_jobs=-1)]: Done  10 out of  10 | elapsed:    1.7s finished
[Parallel(n_jobs=10)]: Done   2 out of  10 | elapsed:    0.0s remaining:    0.1s
[Parallel(n_jobs=10)]: Done  10 out of  10 | elapsed:    0.0s finished
[Parallel(n_jobs=-1)]: Done   2 out of  10 | elapsed:    0.6s remaining:    2.6s
[Parallel(n_jobs=-1)]: Done  10 out of  10 | elapsed:    1.4s finished
[Parallel(n_jobs=10)]: Done   2 out of  10 | elapsed:    0.0s remaining:    0.1s
[Parallel(n_jobs=10)]: Done  10 out of  10 | elapsed:    0.1s finished
[Parallel(n_jobs=-1)]: Done   2 out of  10 | elapsed:    0.7s remaining:    2.9s
[Parallel(n_jobs=-1)]: Done  10 out of  10 | elapsed:    1.6s finished
[Parallel(n_jobs=10)]: Done   2 out of  10 | elapsed:    0.0s remaining:    0.1s
[Parallel(n_jobs=10)]: Done  10 out of  10 | elapsed:    0.1s finished
[Parallel(n_jobs=-1)]: Done   2 out of  10 | elapsed:    0.8s remaining:    3.4s
[Parallel(n_jobs=-1)]: Done  10 out of  10 | elapsed:    1.3s finished
[Parallel(n_jobs=10)]: Done   2 out of  10 | elapsed:    0.0s remaining:    0.1s
[Parallel(n_jobs=10)]: Done  10 out of  10 | elapsed:    0.0s finished
[Parallel(n_jobs=-1)]: Done   2 out of  10 | elapsed:    0.5s remaining:    2.0s
[Parallel(n_jobs=-1)]: Done  10 out of  10 | elapsed:    1.0s finished
[Parallel(n_jobs=10)]: Done   2 out of  10 | elapsed:    0.0s remaining:    0.2s
[Parallel(n_jobs=10)]: Done  10 out of  10 | elapsed:    0.1s finished
[Parallel(n_jobs=-1)]: Done   2 out of  10 | elapsed:    0.5s remaining:    2.1s
[Parallel(n_jobs=-1)]: Done  10 out of  10 | elapsed:    1.1s finished
[Parallel(n_jobs=10)]: Done   2 out of  10 | elapsed:    0.0s remaining:    0.1s
[Parallel(n_jobs=10)]: Done  10 out of  10 | elapsed:    0.1s finished
[Parallel(n_jobs=-1)]: Done   2 out of  10 | elapsed:    1.2s remaining:    4.9s
[Parallel(n_jobs=-1)]: Done  10 out of  10 | elapsed:    2.2s finished
[Parallel(n_jobs=-1)]: Done   2 out of  10 | elapsed:    0.4s remaining:    1.4s
[Parallel(n_jobs=-1)]: Done  10 out of  10 | elapsed:    0.9s finished
[Parallel(n_jobs=-1)]: Done   2 out of  10 | elapsed:    0.4s remaining:    1.7s
[Parallel(n_jobs=-1)]: Done  10 out of  10 | elapsed:    1.0s finished
[Parallel(n_jobs=-1)]: Done   2 out of  10 | elapsed:    0.6s remaining:    2.4s
[Parallel(n_jobs=-1)]: Done  10 out of  10 | elapsed:    0.8s finished
[Parallel(n_jobs=-1)]: Done   2 out of  10 | elapsed:    0.5s remaining:    2.1s
[Parallel(n_jobs=-1)]: Done  10 out of  10 | elapsed:    0.8s finished
[Parallel(n_jobs=-1)]: Done   2 out of  10 | elapsed:    1.2s remaining:    4.7s
[Parallel(n_jobs=-1)]: Done  10 out of  10 | elapsed:    2.3s finished
[Parallel(n_jobs=-1)]: Done   2 out of  10 | elapsed:    1.0s remaining:    3.9s
[Parallel(n_jobs=-1)]: Done  10 out of  10 | elapsed:    2.1s finished
[Parallel(n_jobs=-1)]: Done   2 out of  10 | elapsed:    1.3s remaining:    5.1s
[Parallel(n_jobs=-1)]: Done  10 out of  10 | elapsed:    2.6s finished
[Parallel(n_jobs=-1)]: Done   2 out of  10 | elapsed:    1.2s remaining:    4.9s
[Parallel(n_jobs=-1)]: Done  10 out of  10 | elapsed:    2.6s finished
[Parallel(n_jobs=-1)]: Done   2 out of  10 | elapsed:    1.5s remaining:    6.2s
[Parallel(n_jobs=-1)]: Done  10 out of  10 | elapsed:    2.0s finished
[Parallel(n_jobs=-1)]: Done   2 out of  10 | elapsed:    1.1s remaining:    4.4s
[Parallel(n_jobs=-1)]: Done  10 out of  10 | elapsed:    2.3s finished
[Parallel(n_jobs=-1)]: Done   2 out of  10 | elapsed:    1.2s remaining:    4.8s
[Parallel(n_jobs=-1)]: Done  10 out of  10 | elapsed:    2.1s finished
[Parallel(n_jobs=-1)]: Done   2 out of  10 | elapsed:    1.5s remaining:    6.0s
[Parallel(n_jobs=-1)]: Done  10 out of  10 | elapsed:    2.5s finished
[Parallel(n_jobs=-1)]: Done   2 out of  10 | elapsed:    1.7s remaining:    6.9s
[Parallel(n_jobs=-1)]: Done  10 out of  10 | elapsed:    2.3s finished
[Parallel(n_jobs=-1)]: Done   2 out of  10 | elapsed:    1.4s remaining:    5.6s
[Parallel(n_jobs=-1)]: Done  10 out of  10 | elapsed:    2.4s finished
[Parallel(n_jobs=-1)]: Done   2 out of  10 | elapsed:    0.8s remaining:    3.2s
[Parallel(n_jobs=-1)]: Done  10 out of  10 | elapsed:    1.2s finished
[Parallel(n_jobs=-1)]: Done   2 out of  10 | elapsed:    0.9s remaining:    3.6s
[Parallel(n_jobs=-1)]: Done  10 out of  10 | elapsed:    1.9s finished
[Parallel(n_jobs=-1)]: Done   2 out of  10 | elapsed:    0.6s remaining:    2.3s
[Parallel(n_jobs=-1)]: Done  10 out of  10 | elapsed:    1.2s finished
[Parallel(n_jobs=-1)]: Done   2 out of  10 | elapsed:    0.5s remaining:    1.9s
[Parallel(n_jobs=-1)]: Done  10 out of  10 | elapsed:    0.8s finished
[Parallel(n_jobs=-1)]: Done   2 out of  10 | elapsed:    0.4s remaining:    1.6s
[Parallel(n_jobs=-1)]: Done  10 out of  10 | elapsed:    0.9s finished
[Parallel(n_jobs=-1)]: Done   2 out of  10 | elapsed:    0.3s remaining:    1.2s
[Parallel(n_jobs=-1)]: Done  10 out of  10 | elapsed:    0.3s finished
[Parallel(n_jobs=-1)]: Done   2 out of  10 | elapsed:    1.0s remaining:    4.2s
[Parallel(n_jobs=-1)]: Done  10 out of  10 | elapsed:    2.3s finished
[Parallel(n_jobs=-1)]: Done   2 out of  10 | elapsed:    0.5s remaining:    2.2s
[Parallel(n_jobs=-1)]: Done  10 out of  10 | elapsed:    0.8s finished
[Parallel(n_jobs=-1)]: Done   2 out of  10 | elapsed:    0.3s remaining:    1.1s
[Parallel(n_jobs=-1)]: Done  10 out of  10 | elapsed:    0.5s finished
[Parallel(n_jobs=-1)]: Done   2 out of  10 | elapsed:    0.2s remaining:    0.6s
[Parallel(n_jobs=-1)]: Done  10 out of  10 | elapsed:    0.3s finished
[Parallel(n_jobs=-1)]: Done   2 out of  10 | elapsed:    0.5s remaining:    2.1s
[Parallel(n_jobs=-1)]: Done  10 out of  10 | elapsed:    0.7s finished
[Parallel(n_jobs=-1)]: Done   2 out of  10 | elapsed:    0.0s remaining:    0.1s
[Parallel(n_jobs=-1)]: Done  10 out of  10 | elapsed:    0.0s finished
[Parallel(n_jobs=-1)]: Done   2 out of  10 | elapsed:    0.5s remaining:    2.0s
[Parallel(n_jobs=-1)]: Done  10 out of  10 | elapsed:    1.1s finished
[Parallel(n_jobs=-1)]: Done   2 out of  10 | elapsed:    0.0s remaining:    0.1s
[Parallel(n_jobs=-1)]: Done  10 out of  10 | elapsed:    0.0s finished
[Parallel(n_jobs=-1)]: Done   2 out of  10 | elapsed:    0.5s remaining:    1.9s
[Parallel(n_jobs=-1)]: Done  10 out of  10 | elapsed:    0.9s finished
[Parallel(n_jobs=-1)]: Done   2 out of  10 | elapsed:    1.2s remaining:    4.8s
[Parallel(n_jobs=-1)]: Done  10 out of  10 | elapsed:    2.3s finished
[Parallel(n_jobs=-1)]: Done   2 out of  10 | elapsed:    0.8s remaining:    3.2s
[Parallel(n_jobs=-1)]: Done  10 out of  10 | elapsed:    1.1s finished
[Parallel(n_jobs=-1)]: Done   2 out of  10 | elapsed:    0.6s remaining:    2.5s
[Parallel(n_jobs=-1)]: Done  10 out of  10 | elapsed:    1.3s finished
[Parallel(n_jobs=-1)]: Done   2 out of  10 | elapsed:    1.6s remaining:    6.3s
[Parallel(n_jobs=-1)]: Done  10 out of  10 | elapsed:    2.5s finished
[Parallel(n_jobs=10)]: Done   2 out of  10 | elapsed:    0.0s remaining:    0.0s
[Parallel(n_jobs=10)]: Done  10 out of  10 | elapsed:    0.0s finished
[Parallel(n_jobs=-1)]: Done   2 out of  10 | elapsed:    1.3s remaining:    5.3s
[Parallel(n_jobs=-1)]: Done  10 out of  10 | elapsed:    2.6s finished
[Parallel(n_jobs=10)]: Done   2 out of  10 | elapsed:    0.0s remaining:    0.0s
[Parallel(n_jobs=10)]: Done  10 out of  10 | elapsed:    0.0s finished
[Parallel(n_jobs=-1)]: Done   2 out of  10 | elapsed:    1.2s remaining:    5.0s
[Parallel(n_jobs=-1)]: Done  10 out of  10 | elapsed:    2.5s finished
[Parallel(n_jobs=10)]: Done   2 out of  10 | elapsed:    0.0s remaining:    0.0s
[Parallel(n_jobs=10)]: Done  10 out of  10 | elapsed:    0.0s finished
[Parallel(n_jobs=-1)]: Done   2 out of  10 | elapsed:    1.3s remaining:    5.0s
[Parallel(n_jobs=-1)]: Done  10 out of  10 | elapsed:    2.6s finished
[Parallel(n_jobs=10)]: Done   2 out of  10 | elapsed:    0.0s remaining:    0.0s
[Parallel(n_jobs=10)]: Done  10 out of  10 | elapsed:    0.0s finished
[Parallel(n_jobs=-1)]: Done   2 out of  10 | elapsed:    2.1s remaining:    8.6s
[Parallel(n_jobs=-1)]: Done  10 out of  10 | elapsed:    2.5s finished
[Parallel(n_jobs=10)]: Done   2 out of  10 | elapsed:    0.0s remaining:    0.0s
[Parallel(n_jobs=10)]: Done  10 out of  10 | elapsed:    0.0s finished
[Parallel(n_jobs=-1)]: Done   2 out of  10 | elapsed:    1.5s remaining:    5.9s
[Parallel(n_jobs=-1)]: Done  10 out of  10 | elapsed:    2.1s finished
[Parallel(n_jobs=10)]: Done   2 out of  10 | elapsed:    0.0s remaining:    0.0s
[Parallel(n_jobs=10)]: Done  10 out of  10 | elapsed:    0.0s finished
[Parallel(n_jobs=-1)]: Done   2 out of  10 | elapsed:    1.6s remaining:    6.3s
[Parallel(n_jobs=-1)]: Done  10 out of  10 | elapsed:    2.3s finished
[Parallel(n_jobs=10)]: Done   2 out of  10 | elapsed:    0.0s remaining:    0.0s
[Parallel(n_jobs=10)]: Done  10 out of  10 | elapsed:    0.0s finished
[Parallel(n_jobs=-1)]: Done   2 out of  10 | elapsed:    0.5s remaining:    2.1s
[Parallel(n_jobs=-1)]: Done  10 out of  10 | elapsed:    0.7s finished
[Parallel(n_jobs=10)]: Done   2 out of  10 | elapsed:    0.0s remaining:    0.0s
[Parallel(n_jobs=10)]: Done  10 out of  10 | elapsed:    0.0s finished
[Parallel(n_jobs=-1)]: Done   2 out of  10 | elapsed:    0.3s remaining:    1.4s
[Parallel(n_jobs=-1)]: Done  10 out of  10 | elapsed:    0.8s finished
[Parallel(n_jobs=10)]: Done   2 out of  10 | elapsed:    0.0s remaining:    0.0s
[Parallel(n_jobs=10)]: Done  10 out of  10 | elapsed:    0.0s finished
[Parallel(n_jobs=-1)]: Done   2 out of  10 | elapsed:    0.4s remaining:    1.7s
[Parallel(n_jobs=-1)]: Done  10 out of  10 | elapsed:    0.7s finished
[Parallel(n_jobs=10)]: Done   2 out of  10 | elapsed:    0.0s remaining:    0.0s
[Parallel(n_jobs=10)]: Done  10 out of  10 | elapsed:    0.0s finished
[Parallel(n_jobs=-1)]: Done   2 out of  10 | elapsed:    0.3s remaining:    1.4s
[Parallel(n_jobs=-1)]: Done  10 out of  10 | elapsed:    0.7s finished
[Parallel(n_jobs=10)]: Done   2 out of  10 | elapsed:    0.0s remaining:    0.0s
[Parallel(n_jobs=10)]: Done  10 out of  10 | elapsed:    0.0s finished
[Parallel(n_jobs=-1)]: Done   2 out of  10 | elapsed:    0.5s remaining:    1.8s
[Parallel(n_jobs=-1)]: Done  10 out of  10 | elapsed:    0.8s finished
[Parallel(n_jobs=10)]: Done   2 out of  10 | elapsed:    0.0s remaining:    0.0s
[Parallel(n_jobs=10)]: Done  10 out of  10 | elapsed:    0.0s finished
[Parallel(n_jobs=-1)]: Done   2 out of  10 | elapsed:    0.5s remaining:    2.1s
[Parallel(n_jobs=-1)]: Done  10 out of  10 | elapsed:    0.7s finished
[Parallel(n_jobs=10)]: Done   2 out of  10 | elapsed:    0.0s remaining:    0.0s
[Parallel(n_jobs=10)]: Done  10 out of  10 | elapsed:    0.0s finished
[Parallel(n_jobs=-1)]: Done   2 out of  10 | elapsed:    0.4s remaining:    1.6s
[Parallel(n_jobs=-1)]: Done  10 out of  10 | elapsed:    0.8s finished
[Parallel(n_jobs=10)]: Done   2 out of  10 | elapsed:    0.0s remaining:    0.0s
[Parallel(n_jobs=10)]: Done  10 out of  10 | elapsed:    0.0s finished
[Parallel(n_jobs=-1)]: Done   2 out of  10 | elapsed:    0.5s remaining:    1.9s
[Parallel(n_jobs=-1)]: Done  10 out of  10 | elapsed:    0.7s finished
[Parallel(n_jobs=10)]: Done   2 out of  10 | elapsed:    0.0s remaining:    0.0s
[Parallel(n_jobs=10)]: Done  10 out of  10 | elapsed:    0.0s finished
[Parallel(n_jobs=-1)]: Done   2 out of  10 | elapsed:    0.5s remaining:    2.1s
[Parallel(n_jobs=-1)]: Done  10 out of  10 | elapsed:    0.7s finished
[Parallel(n_jobs=10)]: Done   2 out of  10 | elapsed:    0.0s remaining:    0.0s
[Parallel(n_jobs=10)]: Done  10 out of  10 | elapsed:    0.0s finished
[Parallel(n_jobs=-1)]: Done   2 out of  10 | elapsed:    0.6s remaining:    2.3s
[Parallel(n_jobs=-1)]: Done  10 out of  10 | elapsed:    0.8s finished
[Parallel(n_jobs=10)]: Done   2 out of  10 | elapsed:    0.0s remaining:    0.0s
[Parallel(n_jobs=10)]: Done  10 out of  10 | elapsed:    0.0s finished
[Parallel(n_jobs=-1)]: Done   2 out of  10 | elapsed:    0.4s remaining:    1.7s
[Parallel(n_jobs=-1)]: Done  10 out of  10 | elapsed:    0.8s finished
[Parallel(n_jobs=10)]: Done   2 out of  10 | elapsed:    0.0s remaining:    0.0s
[Parallel(n_jobs=10)]: Done  10 out of  10 | elapsed:    0.0s finished
[Parallel(n_jobs=-1)]: Done   2 out of  10 | elapsed:    0.4s remaining:    1.5s
[Parallel(n_jobs=-1)]: Done  10 out of  10 | elapsed:    0.8s finished
[Parallel(n_jobs=10)]: Done   2 out of  10 | elapsed:    0.0s remaining:    0.0s
[Parallel(n_jobs=10)]: Done  10 out of  10 | elapsed:    0.0s finished
[Parallel(n_jobs=-1)]: Done   2 out of  10 | elapsed:    0.5s remaining:    2.1s
[Parallel(n_jobs=-1)]: Done  10 out of  10 | elapsed:    0.8s finished
[Parallel(n_jobs=10)]: Done   2 out of  10 | elapsed:    0.0s remaining:    0.0s
[Parallel(n_jobs=10)]: Done  10 out of  10 | elapsed:    0.0s finished
[Parallel(n_jobs=-1)]: Done   2 out of  10 | elapsed:    1.2s remaining:    4.8s
[Parallel(n_jobs=-1)]: Done  10 out of  10 | elapsed:    1.9s finished
[Parallel(n_jobs=10)]: Done   2 out of  10 | elapsed:    0.0s remaining:    0.1s
[Parallel(n_jobs=10)]: Done  10 out of  10 | elapsed:    0.1s finished
[Parallel(n_jobs=-1)]: Done   2 out of  10 | elapsed:    0.8s remaining:    3.3s
[Parallel(n_jobs=-1)]: Done  10 out of  10 | elapsed:    1.6s finished
[Parallel(n_jobs=10)]: Done   2 out of  10 | elapsed:    0.0s remaining:    0.1s
[Parallel(n_jobs=10)]: Done  10 out of  10 | elapsed:    0.1s finished
[Parallel(n_jobs=-1)]: Done   2 out of  10 | elapsed:    0.9s remaining:    3.7s
[Parallel(n_jobs=-1)]: Done  10 out of  10 | elapsed:    1.6s finished
[Parallel(n_jobs=10)]: Done   2 out of  10 | elapsed:    0.0s remaining:    0.1s
[Parallel(n_jobs=10)]: Done  10 out of  10 | elapsed:    0.1s finished
[Parallel(n_jobs=-1)]: Done   2 out of  10 | elapsed:    1.1s remaining:    4.5s
[Parallel(n_jobs=-1)]: Done  10 out of  10 | elapsed:    1.6s finished
[Parallel(n_jobs=10)]: Done   2 out of  10 | elapsed:    0.0s remaining:    0.2s
[Parallel(n_jobs=10)]: Done  10 out of  10 | elapsed:    0.1s finished
[Parallel(n_jobs=-1)]: Done   2 out of  10 | elapsed:    0.7s remaining:    2.8s
[Parallel(n_jobs=-1)]: Done  10 out of  10 | elapsed:    1.2s finished
[Parallel(n_jobs=10)]: Done   2 out of  10 | elapsed:    0.0s remaining:    0.1s
[Parallel(n_jobs=10)]: Done  10 out of  10 | elapsed:    0.1s finished
[Parallel(n_jobs=-1)]: Done   2 out of  10 | elapsed:    0.5s remaining:    2.0s
[Parallel(n_jobs=-1)]: Done  10 out of  10 | elapsed:    1.0s finished
[Parallel(n_jobs=10)]: Done   2 out of  10 | elapsed:    0.0s remaining:    0.2s
[Parallel(n_jobs=10)]: Done  10 out of  10 | elapsed:    0.1s finished
[Parallel(n_jobs=10)]: Done   2 out of  10 | elapsed:    0.0s remaining:    0.0s
[Parallel(n_jobs=10)]: Done  10 out of  10 | elapsed:    0.0s finished
[Parallel(n_jobs=10)]: Done   2 out of  10 | elapsed:    0.0s remaining:    0.0s
[Parallel(n_jobs=10)]: Done  10 out of  10 | elapsed:    0.0s finished
[Parallel(n_jobs=10)]: Done   2 out of  10 | elapsed:    0.0s remaining:    0.0s
[Parallel(n_jobs=10)]: Done  10 out of  10 | elapsed:    0.0s finished
[Parallel(n_jobs=10)]: Done   2 out of  10 | elapsed:    0.0s remaining:    0.0s
[Parallel(n_jobs=10)]: Done  10 out of  10 | elapsed:    0.0s finished
[Parallel(n_jobs=10)]: Done   2 out of  10 | elapsed:    0.0s remaining:    0.0s
[Parallel(n_jobs=10)]: Done  10 out of  10 | elapsed:    0.0s finished
[Parallel(n_jobs=10)]: Done   2 out of  10 | elapsed:    0.0s remaining:    0.0s
[Parallel(n_jobs=10)]: Done  10 out of  10 | elapsed:    0.0s finished
[Parallel(n_jobs=10)]: Done   2 out of  10 | elapsed:    0.0s remaining:    0.1s
[Parallel(n_jobs=10)]: Done  10 out of  10 | elapsed:    0.0s finished
[Parallel(n_jobs=10)]: Done   2 out of  10 | elapsed:    0.0s remaining:    0.0s
[Parallel(n_jobs=10)]: Done  10 out of  10 | elapsed:    0.0s finished
[Parallel(n_jobs=10)]: Done   2 out of  10 | elapsed:    0.0s remaining:    0.0s
[Parallel(n_jobs=10)]: Done  10 out of  10 | elapsed:    0.0s finished
[Parallel(n_jobs=10)]: Done   2 out of  10 | elapsed:    0.0s remaining:    0.0s
[Parallel(n_jobs=10)]: Done  10 out of  10 | elapsed:    0.0s finished
[Parallel(n_jobs=10)]: Done   2 out of  10 | elapsed:    0.0s remaining:    0.0s
[Parallel(n_jobs=10)]: Done  10 out of  10 | elapsed:    0.0s finished
[Parallel(n_jobs=10)]: Done   2 out of  10 | elapsed:    0.0s remaining:    0.0s
[Parallel(n_jobs=10)]: Done  10 out of  10 | elapsed:    0.0s finished
[Parallel(n_jobs=10)]: Done   2 out of  10 | elapsed:    0.0s remaining:    0.0s
[Parallel(n_jobs=10)]: Done  10 out of  10 | elapsed:    0.0s finished
[Parallel(n_jobs=10)]: Done   2 out of  10 | elapsed:    0.0s remaining:    0.0s
[Parallel(n_jobs=10)]: Done  10 out of  10 | elapsed:    0.0s finished
[Parallel(n_jobs=10)]: Done   2 out of  10 | elapsed:    0.0s remaining:    0.0s
[Parallel(n_jobs=10)]: Done  10 out of  10 | elapsed:    0.0s finished
[Parallel(n_jobs=10)]: Done   2 out of  10 | elapsed:    0.0s remaining:    0.0s
[Parallel(n_jobs=10)]: Done  10 out of  10 | elapsed:    0.0s finished
[Parallel(n_jobs=10)]: Done   2 out of  10 | elapsed:    0.0s remaining:    0.0s
[Parallel(n_jobs=10)]: Done  10 out of  10 | elapsed:    0.0s finished
[Parallel(n_jobs=10)]: Done   2 out of  10 | elapsed:    0.0s remaining:    0.0s
[Parallel(n_jobs=10)]: Done  10 out of  10 | elapsed:    0.0s finished
[Parallel(n_jobs=10)]: Done   2 out of  10 | elapsed:    0.0s remaining:    0.0s
[Parallel(n_jobs=10)]: Done  10 out of  10 | elapsed:    0.0s finished
[Parallel(n_jobs=10)]: Done   2 out of  10 | elapsed:    0.0s remaining:    0.0s
[Parallel(n_jobs=10)]: Done  10 out of  10 | elapsed:    0.0s finished
[Parallel(n_jobs=10)]: Done   2 out of  10 | elapsed:    0.0s remaining:    0.1s
[Parallel(n_jobs=10)]: Done  10 out of  10 | elapsed:    0.0s finished
[Parallel(n_jobs=10)]: Done   2 out of  10 | elapsed:    0.0s remaining:    0.2s
[Parallel(n_jobs=10)]: Done  10 out of  10 | elapsed:    0.1s finished
[Parallel(n_jobs=10)]: Done   2 out of  10 | elapsed:    0.0s remaining:    0.1s
[Parallel(n_jobs=10)]: Done  10 out of  10 | elapsed:    0.0s finished
[Parallel(n_jobs=10)]: Done   2 out of  10 | elapsed:    0.0s remaining:    0.1s
[Parallel(n_jobs=10)]: Done  10 out of  10 | elapsed:    0.0s finished
[Parallel(n_jobs=10)]: Done   2 out of  10 | elapsed:    0.0s remaining:    0.2s
[Parallel(n_jobs=10)]: Done  10 out of  10 | elapsed:    0.1s finished
[Parallel(n_jobs=10)]: Done   2 out of  10 | elapsed:    0.0s remaining:    0.2s
[Parallel(n_jobs=10)]: Done  10 out of  10 | elapsed:    0.1s finished
[Parallel(n_jobs=10)]: Done   2 out of  10 | elapsed:    0.0s remaining:    0.0s
[Parallel(n_jobs=10)]: Done  10 out of  10 | elapsed:    0.0s finished
[Parallel(n_jobs=10)]: Done   2 out of  10 | elapsed:    0.0s remaining:    0.0s
[Parallel(n_jobs=10)]: Done  10 out of  10 | elapsed:    0.0s finished
[Parallel(n_jobs=10)]: Done   2 out of  10 | elapsed:    0.0s remaining:    0.0s
[Parallel(n_jobs=10)]: Done  10 out of  10 | elapsed:    0.0s finished
[Parallel(n_jobs=10)]: Done   2 out of  10 | elapsed:    0.0s remaining:    0.0s
[Parallel(n_jobs=10)]: Done  10 out of  10 | elapsed:    0.0s finished
[Parallel(n_jobs=10)]: Done   2 out of  10 | elapsed:    0.0s remaining:    0.0s
[Parallel(n_jobs=10)]: Done  10 out of  10 | elapsed:    0.0s finished
[Parallel(n_jobs=10)]: Done   2 out of  10 | elapsed:    0.0s remaining:    0.1s
[Parallel(n_jobs=10)]: Done  10 out of  10 | elapsed:    0.0s finished
[Parallel(n_jobs=10)]: Done   2 out of  10 | elapsed:    0.0s remaining:    0.0s
[Parallel(n_jobs=10)]: Done  10 out of  10 | elapsed:    0.0s finished
[Parallel(n_jobs=10)]: Done   2 out of  10 | elapsed:    0.0s remaining:    0.0s
[Parallel(n_jobs=10)]: Done  10 out of  10 | elapsed:    0.0s finished
[Parallel(n_jobs=10)]: Done   2 out of  10 | elapsed:    0.0s remaining:    0.0s
[Parallel(n_jobs=10)]: Done  10 out of  10 | elapsed:    0.0s finished
[Parallel(n_jobs=10)]: Done   2 out of  10 | elapsed:    0.0s remaining:    0.0s
[Parallel(n_jobs=10)]: Done  10 out of  10 | elapsed:    0.0s finished
[Parallel(n_jobs=10)]: Done   2 out of  10 | elapsed:    0.0s remaining:    0.0s
[Parallel(n_jobs=10)]: Done  10 out of  10 | elapsed:    0.0s finished
[Parallel(n_jobs=10)]: Done   2 out of  10 | elapsed:    0.0s remaining:    0.0s
[Parallel(n_jobs=10)]: Done  10 out of  10 | elapsed:    0.0s finished
[Parallel(n_jobs=10)]: Done   2 out of  10 | elapsed:    0.0s remaining:    0.0s
[Parallel(n_jobs=10)]: Done  10 out of  10 | elapsed:    0.0s finished
[Parallel(n_jobs=10)]: Done   2 out of  10 | elapsed:    0.0s remaining:    0.0s
[Parallel(n_jobs=10)]: Done  10 out of  10 | elapsed:    0.0s finished
[Parallel(n_jobs=10)]: Done   2 out of  10 | elapsed:    0.0s remaining:    0.0s
[Parallel(n_jobs=10)]: Done  10 out of  10 | elapsed:    0.0s finished
[Parallel(n_jobs=10)]: Done   2 out of  10 | elapsed:    0.0s remaining:    0.0s
[Parallel(n_jobs=10)]: Done  10 out of  10 | elapsed:    0.0s finished
[Parallel(n_jobs=10)]: Done   2 out of  10 | elapsed:    0.0s remaining:    0.0s
[Parallel(n_jobs=10)]: Done  10 out of  10 | elapsed:    0.0s finished
[Parallel(n_jobs=10)]: Done   2 out of  10 | elapsed:    0.0s remaining:    0.0s
[Parallel(n_jobs=10)]: Done  10 out of  10 | elapsed:    0.0s finished
[Parallel(n_jobs=10)]: Done   2 out of  10 | elapsed:    0.0s remaining:    0.0s
[Parallel(n_jobs=10)]: Done  10 out of  10 | elapsed:    0.0s finished
[Parallel(n_jobs=10)]: Done   2 out of  10 | elapsed:    0.0s remaining:    0.0s
[Parallel(n_jobs=10)]: Done  10 out of  10 | elapsed:    0.0s finished
[Parallel(n_jobs=10)]: Done   2 out of  10 | elapsed:    0.0s remaining:    0.1s
[Parallel(n_jobs=10)]: Done  10 out of  10 | elapsed:    0.0s finished
[Parallel(n_jobs=10)]: Done   2 out of  10 | elapsed:    0.0s remaining:    0.1s
[Parallel(n_jobs=10)]: Done  10 out of  10 | elapsed:    0.0s finished
[Parallel(n_jobs=10)]: Done   2 out of  10 | elapsed:    0.0s remaining:    0.1s
[Parallel(n_jobs=10)]: Done  10 out of  10 | elapsed:    0.1s finished
[Parallel(n_jobs=10)]: Done   2 out of  10 | elapsed:    0.0s remaining:    0.2s
[Parallel(n_jobs=10)]: Done  10 out of  10 | elapsed:    0.1s finished
[Parallel(n_jobs=10)]: Done   2 out of  10 | elapsed:    0.0s remaining:    0.1s
[Parallel(n_jobs=10)]: Done  10 out of  10 | elapsed:    0.0s finished
[Parallel(n_jobs=10)]: Done   2 out of  10 | elapsed:    0.0s remaining:    0.2s
[Parallel(n_jobs=10)]: Done  10 out of  10 | elapsed:    0.1s finished
[Parallel(n_jobs=10)]: Done   2 out of  10 | elapsed:    0.0s remaining:    0.0s
[Parallel(n_jobs=10)]: Done  10 out of  10 | elapsed:    0.0s finished
[Parallel(n_jobs=10)]: Done   2 out of  10 | elapsed:    0.0s remaining:    0.0s
[Parallel(n_jobs=10)]: Done  10 out of  10 | elapsed:    0.0s finished
[Parallel(n_jobs=10)]: Done   2 out of  10 | elapsed:    0.0s remaining:    0.0s
[Parallel(n_jobs=10)]: Done  10 out of  10 | elapsed:    0.0s finished
[Parallel(n_jobs=10)]: Done   2 out of  10 | elapsed:    0.0s remaining:    0.0s
[Parallel(n_jobs=10)]: Done  10 out of  10 | elapsed:    0.0s finished
[Parallel(n_jobs=10)]: Done   2 out of  10 | elapsed:    0.0s remaining:    0.0s
[Parallel(n_jobs=10)]: Done  10 out of  10 | elapsed:    0.0s finished
[Parallel(n_jobs=10)]: Done   2 out of  10 | elapsed:    0.0s remaining:    0.0s
[Parallel(n_jobs=10)]: Done  10 out of  10 | elapsed:    0.0s finished
[Parallel(n_jobs=10)]: Done   2 out of  10 | elapsed:    0.0s remaining:    0.1s
[Parallel(n_jobs=10)]: Done  10 out of  10 | elapsed:    0.0s finished
[Parallel(n_jobs=10)]: Done   2 out of  10 | elapsed:    0.0s remaining:    0.0s
[Parallel(n_jobs=10)]: Done  10 out of  10 | elapsed:    0.0s finished
[Parallel(n_jobs=10)]: Done   2 out of  10 | elapsed:    0.0s remaining:    0.0s
[Parallel(n_jobs=10)]: Done  10 out of  10 | elapsed:    0.0s finished
[Parallel(n_jobs=10)]: Done   2 out of  10 | elapsed:    0.0s remaining:    0.0s
[Parallel(n_jobs=10)]: Done  10 out of  10 | elapsed:    0.0s finished
[Parallel(n_jobs=10)]: Done   2 out of  10 | elapsed:    0.0s remaining:    0.0s
[Parallel(n_jobs=10)]: Done  10 out of  10 | elapsed:    0.0s finished
[Parallel(n_jobs=10)]: Done   2 out of  10 | elapsed:    0.0s remaining:    0.0s
[Parallel(n_jobs=10)]: Done  10 out of  10 | elapsed:    0.0s finished
[Parallel(n_jobs=10)]: Done   2 out of  10 | elapsed:    0.0s remaining:    0.0s
[Parallel(n_jobs=10)]: Done  10 out of  10 | elapsed:    0.0s finished
[Parallel(n_jobs=10)]: Done   2 out of  10 | elapsed:    0.0s remaining:    0.0s
[Parallel(n_jobs=10)]: Done  10 out of  10 | elapsed:    0.0s finished
[Parallel(n_jobs=10)]: Done   2 out of  10 | elapsed:    0.0s remaining:    0.0s
[Parallel(n_jobs=10)]: Done  10 out of  10 | elapsed:    0.0s finished
[Parallel(n_jobs=10)]: Done   2 out of  10 | elapsed:    0.0s remaining:    0.0s
[Parallel(n_jobs=10)]: Done  10 out of  10 | elapsed:    0.0s finished
[Parallel(n_jobs=10)]: Done   2 out of  10 | elapsed:    0.0s remaining:    0.0s
[Parallel(n_jobs=10)]: Done  10 out of  10 | elapsed:    0.0s finished
[Parallel(n_jobs=10)]: Done   2 out of  10 | elapsed:    0.0s remaining:    0.0s
[Parallel(n_jobs=10)]: Done  10 out of  10 | elapsed:    0.0s finished
[Parallel(n_jobs=10)]: Done   2 out of  10 | elapsed:    0.0s remaining:    0.0s
[Parallel(n_jobs=10)]: Done  10 out of  10 | elapsed:    0.0s finished
[Parallel(n_jobs=10)]: Done   2 out of  10 | elapsed:    0.0s remaining:    0.0s
[Parallel(n_jobs=10)]: Done  10 out of  10 | elapsed:    0.0s finished
[Parallel(n_jobs=10)]: Done   2 out of  10 | elapsed:    0.0s remaining:    0.2s
[Parallel(n_jobs=10)]: Done  10 out of  10 | elapsed:    0.1s finished
[Parallel(n_jobs=10)]: Done   2 out of  10 | elapsed:    0.0s remaining:    0.1s
[Parallel(n_jobs=10)]: Done  10 out of  10 | elapsed:    0.1s finished
[Parallel(n_jobs=10)]: Done   2 out of  10 | elapsed:    0.0s remaining:    0.1s
[Parallel(n_jobs=10)]: Done  10 out of  10 | elapsed:    0.0s finished
[Parallel(n_jobs=10)]: Done   2 out of  10 | elapsed:    0.0s remaining:    0.1s
[Parallel(n_jobs=10)]: Done  10 out of  10 | elapsed:    0.1s finished
[Parallel(n_jobs=10)]: Done   2 out of  10 | elapsed:    0.0s remaining:    0.2s
[Parallel(n_jobs=10)]: Done  10 out of  10 | elapsed:    0.1s finished
[Parallel(n_jobs=10)]: Done   2 out of  10 | elapsed:    0.0s remaining:    0.2s
[Parallel(n_jobs=10)]: Done  10 out of  10 | elapsed:    0.1s finished
[Parallel(n_jobs=10)]: Done   2 out of  10 | elapsed:    0.0s remaining:    0.0s
[Parallel(n_jobs=10)]: Done  10 out of  10 | elapsed:    0.0s finished
[Parallel(n_jobs=10)]: Done   2 out of  10 | elapsed:    0.0s remaining:    0.0s
[Parallel(n_jobs=10)]: Done  10 out of  10 | elapsed:    0.0s finished
[Parallel(n_jobs=10)]: Done   2 out of  10 | elapsed:    0.0s remaining:    0.0s
[Parallel(n_jobs=10)]: Done  10 out of  10 | elapsed:    0.0s finished
[Parallel(n_jobs=10)]: Done   2 out of  10 | elapsed:    0.0s remaining:    0.0s
[Parallel(n_jobs=10)]: Done  10 out of  10 | elapsed:    0.0s finished
[Parallel(n_jobs=10)]: Done   2 out of  10 | elapsed:    0.0s remaining:    0.0s
[Parallel(n_jobs=10)]: Done  10 out of  10 | elapsed:    0.0s finished
[Parallel(n_jobs=10)]: Done   2 out of  10 | elapsed:    0.0s remaining:    0.0s
[Parallel(n_jobs=10)]: Done  10 out of  10 | elapsed:    0.0s finished
[Parallel(n_jobs=10)]: Done   2 out of  10 | elapsed:    0.0s remaining:    0.1s
[Parallel(n_jobs=10)]: Done  10 out of  10 | elapsed:    0.0s finished
[Parallel(n_jobs=10)]: Done   2 out of  10 | elapsed:    0.0s remaining:    0.0s
[Parallel(n_jobs=10)]: Done  10 out of  10 | elapsed:    0.0s finished
[Parallel(n_jobs=10)]: Done   2 out of  10 | elapsed:    0.0s remaining:    0.0s
[Parallel(n_jobs=10)]: Done  10 out of  10 | elapsed:    0.0s finished
[Parallel(n_jobs=10)]: Done   2 out of  10 | elapsed:    0.0s remaining:    0.0s
[Parallel(n_jobs=10)]: Done  10 out of  10 | elapsed:    0.0s finished
[Parallel(n_jobs=10)]: Done   2 out of  10 | elapsed:    0.0s remaining:    0.0s
[Parallel(n_jobs=10)]: Done  10 out of  10 | elapsed:    0.0s finished
[Parallel(n_jobs=10)]: Done   2 out of  10 | elapsed:    0.0s remaining:    0.0s
[Parallel(n_jobs=10)]: Done  10 out of  10 | elapsed:    0.0s finished
[Parallel(n_jobs=10)]: Done   2 out of  10 | elapsed:    0.0s remaining:    0.0s
[Parallel(n_jobs=10)]: Done  10 out of  10 | elapsed:    0.0s finished
[Parallel(n_jobs=10)]: Done   2 out of  10 | elapsed:    0.0s remaining:    0.0s
[Parallel(n_jobs=10)]: Done  10 out of  10 | elapsed:    0.0s finished
[Parallel(n_jobs=10)]: Done   2 out of  10 | elapsed:    0.0s remaining:    0.0s
[Parallel(n_jobs=10)]: Done  10 out of  10 | elapsed:    0.0s finished
[Parallel(n_jobs=10)]: Done   2 out of  10 | elapsed:    0.0s remaining:    0.0s
[Parallel(n_jobs=10)]: Done  10 out of  10 | elapsed:    0.0s finished
[Parallel(n_jobs=10)]: Done   2 out of  10 | elapsed:    0.0s remaining:    0.0s
[Parallel(n_jobs=10)]: Done  10 out of  10 | elapsed:    0.0s finished
[Parallel(n_jobs=10)]: Done   2 out of  10 | elapsed:    0.0s remaining:    0.0s
[Parallel(n_jobs=10)]: Done  10 out of  10 | elapsed:    0.0s finished
[Parallel(n_jobs=10)]: Done   2 out of  10 | elapsed:    0.0s remaining:    0.0s
[Parallel(n_jobs=10)]: Done  10 out of  10 | elapsed:    0.0s finished
[Parallel(n_jobs=10)]: Done   2 out of  10 | elapsed:    0.0s remaining:    0.0s
[Parallel(n_jobs=10)]: Done  10 out of  10 | elapsed:    0.0s finished
[Parallel(n_jobs=10)]: Done   2 out of  10 | elapsed:    0.0s remaining:    0.1s
[Parallel(n_jobs=10)]: Done  10 out of  10 | elapsed:    0.0s finished
[Parallel(n_jobs=10)]: Done   2 out of  10 | elapsed:    0.0s remaining:    0.1s
[Parallel(n_jobs=10)]: Done  10 out of  10 | elapsed:    0.0s finished
[Parallel(n_jobs=10)]: Done   2 out of  10 | elapsed:    0.0s remaining:    0.1s
[Parallel(n_jobs=10)]: Done  10 out of  10 | elapsed:    0.0s finished
[Parallel(n_jobs=10)]: Done   2 out of  10 | elapsed:    0.0s remaining:    0.2s
[Parallel(n_jobs=10)]: Done  10 out of  10 | elapsed:    0.1s finished
[Parallel(n_jobs=10)]: Done   2 out of  10 | elapsed:    0.0s remaining:    0.1s
[Parallel(n_jobs=10)]: Done  10 out of  10 | elapsed:    0.1s finished
[Parallel(n_jobs=10)]: Done   2 out of  10 | elapsed:    0.0s remaining:    0.1s
[Parallel(n_jobs=10)]: Done  10 out of  10 | elapsed:    0.1s finished
[Parallel(n_jobs=10)]: Done   2 out of  10 | elapsed:    0.0s remaining:    0.0s
[Parallel(n_jobs=10)]: Done  10 out of  10 | elapsed:    0.0s finished
[Parallel(n_jobs=10)]: Done   2 out of  10 | elapsed:    0.0s remaining:    0.0s
[Parallel(n_jobs=10)]: Done  10 out of  10 | elapsed:    0.0s finished
[Parallel(n_jobs=10)]: Done   2 out of  10 | elapsed:    0.0s remaining:    0.0s
[Parallel(n_jobs=10)]: Done  10 out of  10 | elapsed:    0.0s finished
[Parallel(n_jobs=10)]: Done   2 out of  10 | elapsed:    0.0s remaining:    0.0s
[Parallel(n_jobs=10)]: Done  10 out of  10 | elapsed:    0.0s finished
[Parallel(n_jobs=10)]: Done   2 out of  10 | elapsed:    0.0s remaining:    0.0s
[Parallel(n_jobs=10)]: Done  10 out of  10 | elapsed:    0.0s finished
[Parallel(n_jobs=10)]: Done   2 out of  10 | elapsed:    0.0s remaining:    0.0s
[Parallel(n_jobs=10)]: Done  10 out of  10 | elapsed:    0.0s finished
[Parallel(n_jobs=10)]: Done   2 out of  10 | elapsed:    0.0s remaining:    0.1s
[Parallel(n_jobs=10)]: Done  10 out of  10 | elapsed:    0.0s finished
[Parallel(n_jobs=10)]: Done   2 out of  10 | elapsed:    0.0s remaining:    0.1s
[Parallel(n_jobs=10)]: Done  10 out of  10 | elapsed:    0.0s finished
[Parallel(n_jobs=10)]: Done   2 out of  10 | elapsed:    0.0s remaining:    0.0s
[Parallel(n_jobs=10)]: Done  10 out of  10 | elapsed:    0.0s finished
[Parallel(n_jobs=10)]: Done   2 out of  10 | elapsed:    0.0s remaining:    0.2s
[Parallel(n_jobs=10)]: Done  10 out of  10 | elapsed:    0.1s finished
[Parallel(n_jobs=10)]: Done   2 out of  10 | elapsed:    0.1s remaining:    0.3s
[Parallel(n_jobs=10)]: Done  10 out of  10 | elapsed:    0.1s finished
[Parallel(n_jobs=10)]: Done   2 out of  10 | elapsed:    0.1s remaining:    0.3s
[Parallel(n_jobs=10)]: Done  10 out of  10 | elapsed:    0.1s finished
[Parallel(n_jobs=10)]: Done   2 out of  10 | elapsed:    0.1s remaining:    0.4s
[Parallel(n_jobs=10)]: Done  10 out of  10 | elapsed:    0.2s finished
[Parallel(n_jobs=10)]: Done   2 out of  10 | elapsed:    0.1s remaining:    0.4s
[Parallel(n_jobs=10)]: Done  10 out of  10 | elapsed:    0.2s finished
[Parallel(n_jobs=10)]: Done   2 out of  10 | elapsed:    0.1s remaining:    0.4s
[Parallel(n_jobs=10)]: Done  10 out of  10 | elapsed:    0.2s finished
[Parallel(n_jobs=10)]: Done   2 out of  10 | elapsed:    0.0s remaining:    0.0s
[Parallel(n_jobs=10)]: Done  10 out of  10 | elapsed:    0.0s finished
[Parallel(n_jobs=10)]: Done   2 out of  10 | elapsed:    0.0s remaining:    0.0s
[Parallel(n_jobs=10)]: Done  10 out of  10 | elapsed:    0.0s finished
[Parallel(n_jobs=10)]: Done   2 out of  10 | elapsed:    0.0s remaining:    0.0s
[Parallel(n_jobs=10)]: Done  10 out of  10 | elapsed:    0.0s finished
[Parallel(n_jobs=10)]: Done   2 out of  10 | elapsed:    0.0s remaining:    0.0s
[Parallel(n_jobs=10)]: Done  10 out of  10 | elapsed:    0.0s finished
[Parallel(n_jobs=10)]: Done   2 out of  10 | elapsed:    0.0s remaining:    0.0s
[Parallel(n_jobs=10)]: Done  10 out of  10 | elapsed:    0.0s finished
[Parallel(n_jobs=10)]: Done   2 out of  10 | elapsed:    0.0s remaining:    0.0s
[Parallel(n_jobs=10)]: Done  10 out of  10 | elapsed:    0.0s finished
[Parallel(n_jobs=10)]: Done   2 out of  10 | elapsed:    0.0s remaining:    0.1s
[Parallel(n_jobs=10)]: Done  10 out of  10 | elapsed:    0.0s finished
[Parallel(n_jobs=10)]: Done   2 out of  10 | elapsed:    0.0s remaining:    0.0s
[Parallel(n_jobs=10)]: Done  10 out of  10 | elapsed:    0.0s finished
[Parallel(n_jobs=10)]: Done   2 out of  10 | elapsed:    0.0s remaining:    0.0s
[Parallel(n_jobs=10)]: Done  10 out of  10 | elapsed:    0.0s finished
[Parallel(n_jobs=10)]: Done   2 out of  10 | elapsed:    0.1s remaining:    0.3s
[Parallel(n_jobs=10)]: Done  10 out of  10 | elapsed:    0.1s finished
[Parallel(n_jobs=10)]: Done   2 out of  10 | elapsed:    0.1s remaining:    0.3s
[Parallel(n_jobs=10)]: Done  10 out of  10 | elapsed:    0.1s finished
[Parallel(n_jobs=10)]: Done   2 out of  10 | elapsed:    0.1s remaining:    0.3s
[Parallel(n_jobs=10)]: Done  10 out of  10 | elapsed:    0.1s finished
[Parallel(n_jobs=10)]: Done   2 out of  10 | elapsed:    0.1s remaining:    0.4s
[Parallel(n_jobs=10)]: Done  10 out of  10 | elapsed:    0.1s finished
[Parallel(n_jobs=10)]: Done   2 out of  10 | elapsed:    0.1s remaining:    0.4s
[Parallel(n_jobs=10)]: Done  10 out of  10 | elapsed:    0.2s finished
[Parallel(n_jobs=10)]: Done   2 out of  10 | elapsed:    0.1s remaining:    0.3s
[Parallel(n_jobs=10)]: Done  10 out of  10 | elapsed:    0.2s finished
[Parallel(n_jobs=10)]: Done   2 out of  10 | elapsed:    0.0s remaining:    0.0s
[Parallel(n_jobs=10)]: Done  10 out of  10 | elapsed:    0.0s finished
[Parallel(n_jobs=10)]: Done   2 out of  10 | elapsed:    0.0s remaining:    0.0s
[Parallel(n_jobs=10)]: Done  10 out of  10 | elapsed:    0.0s finished
[Parallel(n_jobs=10)]: Done   2 out of  10 | elapsed:    0.0s remaining:    0.0s
[Parallel(n_jobs=10)]: Done  10 out of  10 | elapsed:    0.0s finished
[Parallel(n_jobs=10)]: Done   2 out of  10 | elapsed:    0.0s remaining:    0.0s
[Parallel(n_jobs=10)]: Done  10 out of  10 | elapsed:    0.0s finished
[Parallel(n_jobs=10)]: Done   2 out of  10 | elapsed:    0.0s remaining:    0.0s
[Parallel(n_jobs=10)]: Done  10 out of  10 | elapsed:    0.0s finished
[Parallel(n_jobs=10)]: Done   2 out of  10 | elapsed:    0.0s remaining:    0.0s
[Parallel(n_jobs=10)]: Done  10 out of  10 | elapsed:    0.0s finished
[Parallel(n_jobs=10)]: Done   2 out of  10 | elapsed:    0.0s remaining:    0.1s
[Parallel(n_jobs=10)]: Done  10 out of  10 | elapsed:    0.1s finished
[Parallel(n_jobs=10)]: Done   2 out of  10 | elapsed:    0.0s remaining:    0.2s
[Parallel(n_jobs=10)]: Done  10 out of  10 | elapsed:    0.0s finished
[Parallel(n_jobs=10)]: Done   2 out of  10 | elapsed:    0.0s remaining:    0.0s
[Parallel(n_jobs=10)]: Done  10 out of  10 | elapsed:    0.0s finished
[Parallel(n_jobs=10)]: Done   2 out of  10 | elapsed:    0.1s remaining:    0.4s
[Parallel(n_jobs=10)]: Done  10 out of  10 | elapsed:    0.2s finished
[Parallel(n_jobs=10)]: Done   2 out of  10 | elapsed:    0.1s remaining:    0.4s
[Parallel(n_jobs=10)]: Done  10 out of  10 | elapsed:    0.1s finished
[Parallel(n_jobs=10)]: Done   2 out of  10 | elapsed:    0.1s remaining:    0.4s
[Parallel(n_jobs=10)]: Done  10 out of  10 | elapsed:    0.1s finished
[Parallel(n_jobs=10)]: Done   2 out of  10 | elapsed:    0.1s remaining:    0.4s
[Parallel(n_jobs=10)]: Done  10 out of  10 | elapsed:    0.2s finished
[Parallel(n_jobs=10)]: Done   2 out of  10 | elapsed:    0.1s remaining:    0.5s
[Parallel(n_jobs=10)]: Done  10 out of  10 | elapsed:    0.3s finished
[Parallel(n_jobs=10)]: Done   2 out of  10 | elapsed:    0.1s remaining:    0.5s
[Parallel(n_jobs=10)]: Done  10 out of  10 | elapsed:    0.2s finished
[Parallel(n_jobs=10)]: Done   2 out of  10 | elapsed:    0.0s remaining:    0.0s
[Parallel(n_jobs=10)]: Done  10 out of  10 | elapsed:    0.0s finished
[Parallel(n_jobs=10)]: Done   2 out of  10 | elapsed:    0.0s remaining:    0.0s
[Parallel(n_jobs=10)]: Done  10 out of  10 | elapsed:    0.0s finished
[Parallel(n_jobs=10)]: Done   2 out of  10 | elapsed:    0.0s remaining:    0.0s
[Parallel(n_jobs=10)]: Done  10 out of  10 | elapsed:    0.0s finished
[Parallel(n_jobs=10)]: Done   2 out of  10 | elapsed:    0.0s remaining:    0.0s
[Parallel(n_jobs=10)]: Done  10 out of  10 | elapsed:    0.0s finished
[Parallel(n_jobs=10)]: Done   2 out of  10 | elapsed:    0.0s remaining:    0.0s
[Parallel(n_jobs=10)]: Done  10 out of  10 | elapsed:    0.0s finished
[Parallel(n_jobs=10)]: Done   2 out of  10 | elapsed:    0.0s remaining:    0.0s
[Parallel(n_jobs=10)]: Done  10 out of  10 | elapsed:    0.0s finished
[Parallel(n_jobs=10)]: Done   2 out of  10 | elapsed:    0.0s remaining:    0.1s
[Parallel(n_jobs=10)]: Done  10 out of  10 | elapsed:    0.0s finished
[Parallel(n_jobs=10)]: Done   2 out of  10 | elapsed:    0.0s remaining:    0.1s
[Parallel(n_jobs=10)]: Done  10 out of  10 | elapsed:    0.0s finished
[Parallel(n_jobs=10)]: Done   2 out of  10 | elapsed:    0.0s remaining:    0.0s
[Parallel(n_jobs=10)]: Done  10 out of  10 | elapsed:    0.0s finished
[Parallel(n_jobs=10)]: Done   2 out of  10 | elapsed:    0.1s remaining:    0.2s
[Parallel(n_jobs=10)]: Done  10 out of  10 | elapsed:    0.1s finished
[Parallel(n_jobs=10)]: Done   2 out of  10 | elapsed:    0.1s remaining:    0.3s
[Parallel(n_jobs=10)]: Done  10 out of  10 | elapsed:    0.1s finished
[Parallel(n_jobs=10)]: Done   2 out of  10 | elapsed:    0.1s remaining:    0.3s
[Parallel(n_jobs=10)]: Done  10 out of  10 | elapsed:    0.1s finished
[Parallel(n_jobs=10)]: Done   2 out of  10 | elapsed:    0.1s remaining:    0.3s
[Parallel(n_jobs=10)]: Done  10 out of  10 | elapsed:    0.1s finished
[Parallel(n_jobs=10)]: Done   2 out of  10 | elapsed:    0.1s remaining:    0.4s
[Parallel(n_jobs=10)]: Done  10 out of  10 | elapsed:    0.2s finished
[Parallel(n_jobs=10)]: Done   2 out of  10 | elapsed:    0.1s remaining:    0.6s
[Parallel(n_jobs=10)]: Done  10 out of  10 | elapsed:    0.2s finished
[Parallel(n_jobs=10)]: Done   2 out of  10 | elapsed:    0.0s remaining:    0.0s
[Parallel(n_jobs=10)]: Done  10 out of  10 | elapsed:    0.0s finished
[Parallel(n_jobs=10)]: Done   2 out of  10 | elapsed:    0.0s remaining:    0.0s
[Parallel(n_jobs=10)]: Done  10 out of  10 | elapsed:    0.0s finished
[Parallel(n_jobs=10)]: Done   2 out of  10 | elapsed:    0.0s remaining:    0.0s
[Parallel(n_jobs=10)]: Done  10 out of  10 | elapsed:    0.0s finished
[Parallel(n_jobs=10)]: Done   2 out of  10 | elapsed:    0.0s remaining:    0.0s
[Parallel(n_jobs=10)]: Done  10 out of  10 | elapsed:    0.0s finished
[Parallel(n_jobs=10)]: Done   2 out of  10 | elapsed:    0.0s remaining:    0.0s
[Parallel(n_jobs=10)]: Done  10 out of  10 | elapsed:    0.0s finished
[Parallel(n_jobs=10)]: Done   2 out of  10 | elapsed:    0.0s remaining:    0.0s
[Parallel(n_jobs=10)]: Done  10 out of  10 | elapsed:    0.0s finished
[Parallel(n_jobs=10)]: Done   2 out of  10 | elapsed:    0.0s remaining:    0.0s
[Parallel(n_jobs=10)]: Done  10 out of  10 | elapsed:    0.0s finished
[Parallel(n_jobs=10)]: Done   2 out of  10 | elapsed:    0.0s remaining:    0.2s
[Parallel(n_jobs=10)]: Done  10 out of  10 | elapsed:    0.0s finished
[Parallel(n_jobs=10)]: Done   2 out of  10 | elapsed:    0.0s remaining:    0.1s
[Parallel(n_jobs=10)]: Done  10 out of  10 | elapsed:    0.1s finished
[Parallel(n_jobs=10)]: Done   2 out of  10 | elapsed:    0.0s remaining:    0.1s
[Parallel(n_jobs=10)]: Done  10 out of  10 | elapsed:    0.1s finished
[Parallel(n_jobs=10)]: Done   2 out of  10 | elapsed:    0.0s remaining:    0.2s
[Parallel(n_jobs=10)]: Done  10 out of  10 | elapsed:    0.1s finished
[Parallel(n_jobs=10)]: Done   2 out of  10 | elapsed:    0.1s remaining:    0.2s
[Parallel(n_jobs=10)]: Done  10 out of  10 | elapsed:    0.1s finished
[Parallel(n_jobs=10)]: Done   2 out of  10 | elapsed:    0.0s remaining:    0.2s
[Parallel(n_jobs=10)]: Done  10 out of  10 | elapsed:    0.1s finished
[Parallel(n_jobs=10)]: Done   2 out of  10 | elapsed:    0.0s remaining:    0.0s
[Parallel(n_jobs=10)]: Done  10 out of  10 | elapsed:    0.0s finished
[Parallel(n_jobs=10)]: Done   2 out of  10 | elapsed:    0.0s remaining:    0.0s
[Parallel(n_jobs=10)]: Done  10 out of  10 | elapsed:    0.0s finished
[Parallel(n_jobs=10)]: Done   2 out of  10 | elapsed:    0.0s remaining:    0.0s
[Parallel(n_jobs=10)]: Done  10 out of  10 | elapsed:    0.0s finished
[Parallel(n_jobs=10)]: Done   2 out of  10 | elapsed:    0.0s remaining:    0.0s
[Parallel(n_jobs=10)]: Done  10 out of  10 | elapsed:    0.0s finished
[Parallel(n_jobs=10)]: Done   2 out of  10 | elapsed:    0.0s remaining:    0.0s
[Parallel(n_jobs=10)]: Done  10 out of  10 | elapsed:    0.0s finished
[Parallel(n_jobs=10)]: Done   2 out of  10 | elapsed:    0.0s remaining:    0.0s
[Parallel(n_jobs=10)]: Done  10 out of  10 | elapsed:    0.0s finished
[Parallel(n_jobs=10)]: Done   2 out of  10 | elapsed:    0.0s remaining:    0.1s
[Parallel(n_jobs=10)]: Done  10 out of  10 | elapsed:    0.0s finished
[Parallel(n_jobs=10)]: Done   2 out of  10 | elapsed:    0.0s remaining:    0.1s
[Parallel(n_jobs=10)]: Done  10 out of  10 | elapsed:    0.0s finished
[Parallel(n_jobs=10)]: Done   2 out of  10 | elapsed:    0.0s remaining:    0.1s
[Parallel(n_jobs=10)]: Done  10 out of  10 | elapsed:    0.0s finished
[Parallel(n_jobs=10)]: Done   2 out of  10 | elapsed:    0.0s remaining:    0.1s
[Parallel(n_jobs=10)]: Done  10 out of  10 | elapsed:    0.0s finished
[Parallel(n_jobs=10)]: Done   2 out of  10 | elapsed:    0.0s remaining:    0.1s
[Parallel(n_jobs=10)]: Done  10 out of  10 | elapsed:    0.1s finished
[Parallel(n_jobs=10)]: Done   2 out of  10 | elapsed:    0.0s remaining:    0.2s
[Parallel(n_jobs=10)]: Done  10 out of  10 | elapsed:    0.1s finished
[Parallel(n_jobs=10)]: Done   2 out of  10 | elapsed:    0.0s remaining:    0.1s
[Parallel(n_jobs=10)]: Done  10 out of  10 | elapsed:    0.1s finished
[Parallel(n_jobs=10)]: Done   2 out of  10 | elapsed:    0.0s remaining:    0.0s
[Parallel(n_jobs=10)]: Done  10 out of  10 | elapsed:    0.0s finished
[Parallel(n_jobs=10)]: Done   2 out of  10 | elapsed:    0.0s remaining:    0.0s
[Parallel(n_jobs=10)]: Done  10 out of  10 | elapsed:    0.0s finished
[Parallel(n_jobs=10)]: Done   2 out of  10 | elapsed:    0.0s remaining:    0.0s
[Parallel(n_jobs=10)]: Done  10 out of  10 | elapsed:    0.0s finished
[Parallel(n_jobs=10)]: Done   2 out of  10 | elapsed:    0.0s remaining:    0.0s
[Parallel(n_jobs=10)]: Done  10 out of  10 | elapsed:    0.0s finished
[Parallel(n_jobs=10)]: Done   2 out of  10 | elapsed:    0.0s remaining:    0.0s
[Parallel(n_jobs=10)]: Done  10 out of  10 | elapsed:    0.0s finished
[Parallel(n_jobs=10)]: Done   2 out of  10 | elapsed:    0.0s remaining:    0.0s
[Parallel(n_jobs=10)]: Done  10 out of  10 | elapsed:    0.0s finished
[Parallel(n_jobs=10)]: Done   2 out of  10 | elapsed:    0.0s remaining:    0.1s
[Parallel(n_jobs=10)]: Done  10 out of  10 | elapsed:    0.0s finished
[Parallel(n_jobs=10)]: Done   2 out of  10 | elapsed:    0.0s remaining:    0.2s
[Parallel(n_jobs=10)]: Done  10 out of  10 | elapsed:    0.1s finished
[Parallel(n_jobs=10)]: Done   2 out of  10 | elapsed:    0.0s remaining:    0.1s
[Parallel(n_jobs=10)]: Done  10 out of  10 | elapsed:    0.1s finished
[Parallel(n_jobs=10)]: Done   2 out of  10 | elapsed:    0.0s remaining:    0.1s
[Parallel(n_jobs=10)]: Done  10 out of  10 | elapsed:    0.1s finished
[Parallel(n_jobs=10)]: Done   2 out of  10 | elapsed:    0.0s remaining:    0.1s
[Parallel(n_jobs=10)]: Done  10 out of  10 | elapsed:    0.0s finished
[Parallel(n_jobs=10)]: Done   2 out of  10 | elapsed:    0.0s remaining:    0.1s
[Parallel(n_jobs=10)]: Done  10 out of  10 | elapsed:    0.1s finished
[Parallel(n_jobs=10)]: Done   2 out of  10 | elapsed:    0.0s remaining:    0.2s
[Parallel(n_jobs=10)]: Done  10 out of  10 | elapsed:    0.1s finished
[Parallel(n_jobs=10)]: Done   2 out of  10 | elapsed:    0.0s remaining:    0.0s
[Parallel(n_jobs=10)]: Done  10 out of  10 | elapsed:    0.0s finished
[Parallel(n_jobs=10)]: Done   2 out of  10 | elapsed:    0.0s remaining:    0.0s
[Parallel(n_jobs=10)]: Done  10 out of  10 | elapsed:    0.0s finished
[Parallel(n_jobs=10)]: Done   2 out of  10 | elapsed:    0.0s remaining:    0.0s
[Parallel(n_jobs=10)]: Done  10 out of  10 | elapsed:    0.0s finished
[Parallel(n_jobs=10)]: Done   2 out of  10 | elapsed:    0.0s remaining:    0.0s
[Parallel(n_jobs=10)]: Done  10 out of  10 | elapsed:    0.0s finished
[Parallel(n_jobs=10)]: Done   2 out of  10 | elapsed:    0.0s remaining:    0.0s
[Parallel(n_jobs=10)]: Done  10 out of  10 | elapsed:    0.0s finished
[Parallel(n_jobs=10)]: Done   2 out of  10 | elapsed:    0.0s remaining:    0.1s
[Parallel(n_jobs=10)]: Done  10 out of  10 | elapsed:    0.0s finished
[Parallel(n_jobs=10)]: Done   2 out of  10 | elapsed:    0.0s remaining:    0.1s
[Parallel(n_jobs=10)]: Done  10 out of  10 | elapsed:    0.0s finished
[Parallel(n_jobs=10)]: Done   2 out of  10 | elapsed:    0.0s remaining:    0.1s
[Parallel(n_jobs=10)]: Done  10 out of  10 | elapsed:    0.1s finished
[Parallel(n_jobs=10)]: Done   2 out of  10 | elapsed:    0.0s remaining:    0.1s
[Parallel(n_jobs=10)]: Done  10 out of  10 | elapsed:    0.0s finished
[Parallel(n_jobs=10)]: Done   2 out of  10 | elapsed:    0.0s remaining:    0.1s
[Parallel(n_jobs=10)]: Done  10 out of  10 | elapsed:    0.1s finished
[Parallel(n_jobs=10)]: Done   2 out of  10 | elapsed:    0.0s remaining:    0.2s
[Parallel(n_jobs=10)]: Done  10 out of  10 | elapsed:    0.1s finished
[Parallel(n_jobs=10)]: Done   2 out of  10 | elapsed:    0.0s remaining:    0.1s
[Parallel(n_jobs=10)]: Done  10 out of  10 | elapsed:    0.0s finished
[Parallel(n_jobs=10)]: Done   2 out of  10 | elapsed:    0.0s remaining:    0.2s
[Parallel(n_jobs=10)]: Done  10 out of  10 | elapsed:    0.1s finished
