Total number of variables: 62
Total number of non-constant variables: 22
Hidden size conv: 25
Kernel size: 3
Hidden size full: 50
Dropout full: 0.1
Hidden size combo: 50
Dropout combo: 0.1
Learning rate: 0.1
Weight decay: 1e-05

Epoch loss after epoch 5: 176.9603681564331
Train R^2 after epoch 5: 0.701834695358

Epoch loss after epoch 10: 166.9604253768921
Train R^2 after epoch 10: 0.688647242505

Epoch loss after epoch 15: 172.03864288330078
Train R^2 after epoch 15: 0.706494833057

Epoch loss after epoch 20: 166.70654964447021
Train R^2 after epoch 20: 0.711321074895


Train R^2: 0.707531896719
Test R^2: 0.767364745875
